[root@nixos:~]# nixos-rebuild switch
GC Warning: Bad initial heap size 100000 - ignoring it.
these paths will be fetched (14.65 MiB download, 65.76 MiB unpacked):
  /nix/store/0mi44a31hyfwaaw18p15dc1sp34bz4xs-libssh2-1.8.0
  /nix/store/13gm2ljlsjl8rki18mgmhyd0ikshzgvr-curl-7.59.0
  /nix/store/19mm7fdcr2mmcksl48r26rg841svxnkq-xz-5.2.4-bin
  /nix/store/3g93dvrpj1vankgc301xj37yjwrhjykh-attr-2.4.47
  /nix/store/5mlk6xw95m05np585sj532pklnww1pij-nghttp2-1.32.0-lib
  /nix/store/5yzhj03fysk4gn0jy2942ckl2y42i0p7-libatomic_ops-7.6.4
  /nix/store/6y5n0g11kw429my984yry7p1p792byhw-gnutar-1.30
  /nix/store/6z7xv6z6hzx74pyd5rqgdw721n4zgnsi-coreutils-8.29
  /nix/store/84h9bklgd52k74idxkm3dinf4lzc9v49-sqlite-3.26.0
  /nix/store/86sl11frjw7mcwbzl0kb9b5iq91rcpjw-aws-sdk-cpp-1.5.17
  /nix/store/8yk870av6zbypgaa10vabh6by4n177fv-xz-5.2.4
  /nix/store/91xaa9639xg2jgd1c1ml90dxnymcv6pq-nix-2.1.3-man
  /nix/store/cgxxa116xai22zfgskdlqlsrdpk4qp3b-brotli-1.0.5-lib
  /nix/store/ch9f9flpcaqyqf49sx2paqvnx59ly8rl-keyutils-1.5.10-lib
  /nix/store/fb57y07mgl62k5ww64biranfns97vy7j-bzip2-1.0.6.0.1
  /nix/store/hk2ziidslnpfz7vfr3ahbkfagy70lkwk-nix-2.1.3
  /nix/store/i1dbkadpbypfvj5pa7m943awl57ns9q2-zlib-1.2.11
  /nix/store/jhnhwagb1dc5350an9sp088sdp5fc9ay-acl-2.2.52
  /nix/store/k6l6jkfnwr29nb0531ln08yfhw9vgvf3-libsodium-1.0.16
  /nix/store/kyfzr3nxhi5yrc6qks5a6dx88mzd9qnx-openssl-1.0.2p
  /nix/store/kyxh6572b2bl3nf5vhhvl886smgzcgq5-nixos-rebuild
  /nix/store/mg7yri85c22r9fhpbrmfxl0w2g0dydng-bzip2-1.0.6.0.1-bin
  /nix/store/ndw538y1khpsdwb8bvqhbcc7lzj2w4dd-gcc-7.3.0-lib
  /nix/store/q4ixhvlgq9g247mn572sl99p7j3ddwcq-curl-7.62.0
  /nix/store/s0jb3dsnjn9v5m9l4kfjg0dwbbwgw74b-glibc-2.27
  /nix/store/s30gvw8rhad9p6sdssac97qysyj6jjii-libkrb5-1.15.2
  /nix/store/sxh21pfl5s8qfncvdb658akqflsg26sx-libseccomp-2.3.3-lib
  /nix/store/w2xhy1lr5xs3g3pgb5hyckkpqbxz2p3l-gzip-1.9
  /nix/store/wbmcs2vf0vfz2n5vfinx8jgwg3lznz09-bash-4.4-p23
  /nix/store/wdxn4ds02v7pfj7v1dfpgkd67hsxmnhh-busybox-1.29.3
  /nix/store/xk2k3irhpk8a5pbdv22ww0h7gz8lkqlf-boehm-gc-7.6.6
copying path '/nix/store/wdxn4ds02v7pfj7v1dfpgkd67hsxmnhh-busybox-1.29.3' from 'https://cache.nixos.org'...
copying path '/nix/store/s0jb3dsnjn9v5m9l4kfjg0dwbbwgw74b-glibc-2.27' from 'https://cache.nixos.org'...
copying path '/nix/store/5yzhj03fysk4gn0jy2942ckl2y42i0p7-libatomic_ops-7.6.4' from 'https://cache.nixos.org'...
copying path '/nix/store/3g93dvrpj1vankgc301xj37yjwrhjykh-attr-2.4.47' from 'https://cache.nixos.org'...
copying path '/nix/store/wbmcs2vf0vfz2n5vfinx8jgwg3lznz09-bash-4.4-p23' from 'https://cache.nixos.org'...
copying path '/nix/store/jhnhwagb1dc5350an9sp088sdp5fc9ay-acl-2.2.52' from 'https://cache.nixos.org'...
copying path '/nix/store/cgxxa116xai22zfgskdlqlsrdpk4qp3b-brotli-1.0.5-lib' from 'https://cache.nixos.org'...
copying path '/nix/store/fb57y07mgl62k5ww64biranfns97vy7j-bzip2-1.0.6.0.1' from 'https://cache.nixos.org'...
copying path '/nix/store/6z7xv6z6hzx74pyd5rqgdw721n4zgnsi-coreutils-8.29' from 'https://cache.nixos.org'...
warning: unable to download 'https://cache.nixos.org/nar/1hy6kw70sfbl5smh1fwh5rfb2wnrb9cddapj2cml9f0dqwl8pg89.nar.xz': Timeout was reached (28); retrying in 281 ms
copying path '/nix/store/mg7yri85c22r9fhpbrmfxl0w2g0dydng-bzip2-1.0.6.0.1-bin' from 'https://cache.nixos.org'...
copying path '/nix/store/ndw538y1khpsdwb8bvqhbcc7lzj2w4dd-gcc-7.3.0-lib' from 'https://cache.nixos.org'...
copying path '/nix/store/6y5n0g11kw429my984yry7p1p792byhw-gnutar-1.30' from 'https://cache.nixos.org'...
copying path '/nix/store/xk2k3irhpk8a5pbdv22ww0h7gz8lkqlf-boehm-gc-7.6.6' from 'https://cache.nixos.org'...
copying path '/nix/store/w2xhy1lr5xs3g3pgb5hyckkpqbxz2p3l-gzip-1.9' from 'https://cache.nixos.org'...
copying path '/nix/store/ch9f9flpcaqyqf49sx2paqvnx59ly8rl-keyutils-1.5.10-lib' from 'https://cache.nixos.org'...
copying path '/nix/store/sxh21pfl5s8qfncvdb658akqflsg26sx-libseccomp-2.3.3-lib' from 'https://cache.nixos.org'...
copying path '/nix/store/s30gvw8rhad9p6sdssac97qysyj6jjii-libkrb5-1.15.2' from 'https://cache.nixos.org'...
copying path '/nix/store/k6l6jkfnwr29nb0531ln08yfhw9vgvf3-libsodium-1.0.16' from 'https://cache.nixos.org'...
copying path '/nix/store/5mlk6xw95m05np585sj532pklnww1pij-nghttp2-1.32.0-lib' from 'https://cache.nixos.org'...
copying path '/nix/store/91xaa9639xg2jgd1c1ml90dxnymcv6pq-nix-2.1.3-man' from 'https://cache.nixos.org'...
copying path '/nix/store/kyfzr3nxhi5yrc6qks5a6dx88mzd9qnx-openssl-1.0.2p' from 'https://cache.nixos.org'...
copying path '/nix/store/8yk870av6zbypgaa10vabh6by4n177fv-xz-5.2.4' from 'https://cache.nixos.org'...
copying path '/nix/store/i1dbkadpbypfvj5pa7m943awl57ns9q2-zlib-1.2.11' from 'https://cache.nixos.org'...
copying path '/nix/store/19mm7fdcr2mmcksl48r26rg841svxnkq-xz-5.2.4-bin' from 'https://cache.nixos.org'...
copying path '/nix/store/0mi44a31hyfwaaw18p15dc1sp34bz4xs-libssh2-1.8.0' from 'https://cache.nixos.org'...
copying path '/nix/store/84h9bklgd52k74idxkm3dinf4lzc9v49-sqlite-3.26.0' from 'https://cache.nixos.org'...
copying path '/nix/store/13gm2ljlsjl8rki18mgmhyd0ikshzgvr-curl-7.59.0' from 'https://cache.nixos.org'...
copying path '/nix/store/q4ixhvlgq9g247mn572sl99p7j3ddwcq-curl-7.62.0' from 'https://cache.nixos.org'...
copying path '/nix/store/86sl11frjw7mcwbzl0kb9b5iq91rcpjw-aws-sdk-cpp-1.5.17' from 'https://cache.nixos.org'...
copying path '/nix/store/hk2ziidslnpfz7vfr3ahbkfagy70lkwk-nix-2.1.3' from 'https://cache.nixos.org'...
copying path '/nix/store/kyxh6572b2bl3nf5vhhvl886smgzcgq5-nixos-rebuild' from 'https://cache.nixos.org'...
building Nix...
GC Warning: Bad initial heap size 100000 - ignoring it.
GC Warning: Bad initial heap size 100000 - ignoring it.
GC Warning: Bad initial heap size 100000 - ignoring it.
building the system configuration...
GC Warning: Bad initial heap size 100000 - ignoring it.
warning: unable to download 'https://cache.nixos.org/3gmzv6hj5b2i91x070pwv2smhyfl7lr7.narinfo': Couldn't resolve host name (6); retrying in 297 ms
these derivations will be built:
  /nix/store/042dimz80y5nip1zrqfh7vk00fayajc6-extra-udev-rules.drv
  /nix/store/0jnbl6d2q63gvhrbinbk17c9fzl82wf0-unit-nix-daemon.service.drv
  /nix/store/0ms8fpaq1kzv400pwy18i193xyj1082v-unit-save-hwclock.service.drv
  /nix/store/1052x3vzsz9kbw79zhmljd6mvhyyp66m-etc-sshd_config.drv
  /nix/store/111p3lv1j1s0ph8rrblk1q6gk8czq8ry-runuser.pam.drv
  /nix/store/7bk2aikhggr02ry6ls6jcbv34dvfhdq3-pam-environment.drv
  /nix/store/12rhcds8pvi972dg83fwz9h0q1wcnjw9-groupmod.pam.drv
  /nix/store/19qvx9pix67g8nlhmmxdh7hg7baqprd2-unit-keys.target.drv
  /nix/store/1fby5lvjlggc80innll29bncai2x938m-smb-dummy.conf.drv
  /nix/store/1g9jb5088zh8z2678abcp1g7kfhcb043-etc-nixos.conf.drv
  /nix/store/1jijjf1v2c8296n4hlw5dkph6p8a0kbj-etc-nixos.conf.drv
  /nix/store/1srxdapcwkbjanhjilygxdk92qhy2gh7-unit-local-fs.target.drv
  /nix/store/1sxqz7w5lxqm7a6jd7m3ql2c4ji87ipg-dhcpcd.conf.drv
  /nix/store/1xaimzyqr255wajlxpnivpwxbq2gfzg5-login.pam.drv
  /nix/store/1zz65fjql6nkch6gi85nh3dxwxnh97pj-unit-script-nixos-activation-start.drv
  /nix/store/24542jr6zpvm481wi36x8pns1ip43ybx-usermod.pam.drv
  /nix/store/26i2ba6rzhcyawvcxsf44dwx6jma5ljl-unit-rngd.service.drv
  /nix/store/29df377b4r2icnz6aqxpcac22wg5rj68-etc-logind.conf.drv
  /nix/store/2cnlphx52a2sdxvv7yk2q5lsvg8zbw7s-unit-post-resume.target.drv
  /nix/store/2dd91a81qp2bm1s8wsl1yk145lwd23if-audit-disable.drv
  /nix/store/2mlfqiv5d54vc1d1b15gilrpc546mf77-unit-script-sshd-pre-start.drv
  /nix/store/2p1snr9vmd0pbqz2lhzbddi42nkb79sz-reload-container.drv
  /nix/store/321954dxbfaq7gm5c3v4kwzrwlh5gl56-vconsole.conf.drv
  /nix/store/382mv3vp5zx0mzcq3gx40zn9r3bsr9w0-systemd-user.pam.drv
  /nix/store/39qrx6ywxfwpi064g1pzdjbbdm787fzc-chfn.pam.drv
  /nix/store/3g0833v09rijn7caklbwfb3j8b28fvha-nixos-version.drv
  /nix/store/3ghdvwz8jha5f922piq8m02l0vsl2qny-unit-script-nix-gc-start.drv
  /nix/store/3nixc83vk60455ibs80shg4dkwyj875z-append-initrd-secrets.drv
  /nix/store/3nq76qavw9abr2v944sr424zlvn8aga2-unit-fs.target.drv
  /nix/store/3q1d7qpldlywfih37n5qllv0rw079yv7-groupadd.pam.drv
  /nix/store/3rs6cms07mbpv1mw23vw71nwg3hp4gfj-unit-script-nscd-pre-start.drv
  /nix/store/4dgy95xbc1s0fkhs1l6r62wwijbdqphl-etc-system.conf.drv
  /nix/store/4hcj4ld9lqdr127x6m5r1xffmn9zqsbr-users-groups.json.drv
  /nix/store/4y9kid9vj7y6zwxzhkhycsb2kkjgzhkx-unit-serial-getty-.service.drv
  /nix/store/54y03lrqz14isqgjxwhgqddkf06y580r-unit-getty-.service.drv
  /nix/store/73bb91xjrr7liazz2wzpj2c6myj16ngr-system-path.drv
  /nix/store/5a2l0cz00a7z0gry43y57a7xx2kpbdqp-unit-systemd-fsck-.service.drv
  /nix/store/5baz1q0a0fk9bizxqhl6xqynk2zv54wj-passwd.pam.drv
  /nix/store/5jzb7g1piw170yja79bcb5nzrk21xgc7-etc-subgid.drv
  /nix/store/5krfx88yj9z1vbn8f51kvbcavm8bwvy5-unit-user-runtime-dir-.service.drv
  /nix/store/5rxh4gkgg5bmcbdm9rcpcla0hyahf1ks-unit-systemd-remount-fs.service.drv
  /nix/store/5w9cxjmrbip1pszsx4iq4ny2qpjxfk0f-unit-sshd.service.drv
  /nix/store/mv34gasd4rjxvz9w511v4d9b2kbxaxr8-unit-script-post-resume-start.drv
  /nix/store/73i8snffqlmk2xgaqg8v4cf1hr8llbl1-unit-post-resume.service.drv
  /nix/store/7p8mdi99xd1w18mv17ikmjq60pfp7180-unit-systemd-binfmt.service.drv
  /nix/store/84vi4b81ihgphq9sqic7h0iiw74nf8kc-unit-network-interfaces.target.drv
  /nix/store/8lkh08xla54xm0ybwdrglbvbraz25s10-unit-systemd-random-seed.service.drv
  /nix/store/gllbyk0zq0j2dk6j8a3zqjrms376373h-unit-script-pre-sleep-start.drv
  /nix/store/8yg7iqr0p1ack3zzwv3b3g317ddqc0i8-unit-pre-sleep.service.drv
  /nix/store/wl46vlxk0frpn1xb2hms1zbdddm9g4h9-unit-script-network-setup-start.drv
  /nix/store/8zvfnwzz39wycjfkb78bqqmg2v39awk0-unit-network-setup.service.drv
  /nix/store/rsidymq9bq1gdkkbj1y09a6cp43ynhx1-unit-script-nixos-upgrade-start.drv
  /nix/store/90dj4v8xy2c545xis7g13pgpks2dzkhb-unit-nixos-upgrade.service.drv
  /nix/store/9mxvmk625r2b6kb8mk307xzqi3q6c80w-unit-mdadm-grow-continue-.service.drv
  /nix/store/g9l7qp9sk7k8bpaan1zim3i1z5c6nmdw-extra-hwdb-file.drv
  /nix/store/9r94qar4m893hw7f206fc2qsvqcl8nqy-unit-systemd-udevd.service.drv
  /nix/store/z0rvis7f9qnzb7nv2azbf48liaczivbi-unit-script-network-local-commands-start.drv
  /nix/store/bnpykza1na937cp034rxdj4b5avg2wr6-unit-network-local-commands.service.drv
  /nix/store/bz17j80zpy35s4zi8dcc2iqk6idk3rib-unit-mdmon-.service.drv
  /nix/store/d1pfirc4vss8vh8l3fm0vqmlzlynqr8b-unit-remote-fs.target.drv
  /nix/store/fklq8zhlkx5lfp13apgxmw16qajp9g21-unit-systemd-logind.service.drv
  /nix/store/fmwnlss1q5icg1s6d92xzjh6ih3g8mb8-unit-systemd-timedated.service.drv
  /nix/store/g3jdzh641qjhnjigix55gdxl2nyc9ivg-unit-nix-gc.service.drv
  /nix/store/gxbf7rbf67jyksqyi2ks3fxnczznhyr1-unit-container-getty-.service.drv
  /nix/store/y4qr86asl4bxmh27q39s4k7wsn3248ac-dbus-catalog.xml.drv
  /nix/store/7sz1mr4xi9bnhzgbzp5s4406fxyyp3w3-dbus-1.drv
  /nix/store/ixv1js358r7f19kpgzrwjzn94lfs0mam-unit-dbus.service.drv
  /nix/store/j1vigwzafrhm04dxxqmm93qi6lxji6zd-unit-systemd-journal-gatewayd.socket.drv
  /nix/store/jq4yapblq28maiarci6njn8ym1fja0va-unit-systemd-vconsole-setup.service.drv
  /nix/store/m919my6fh8dis2kl56fzqyn790mzni6l-etc-timesyncd.conf.drv
  /nix/store/lnyy94ssfxp014dr5z0c26yvkjc7jxa4-unit-systemd-timesyncd.service.drv
  /nix/store/lw8x7iga9cmd1pfggrii0zd3pvjcbpks-nixos.conf.drv
  /nix/store/lym723z955cv292px3vw5bzn6xmr2a2i-unit-systemd-modules-load.service.drv
  /nix/store/m9i6mh35l6dyclh9bv2r72k34jnccgad-unit-nix-daemon.socket.drv
  /nix/store/nnlgk92ffxgprqmy2nv4scmgz0bkvspy-unit-nix-optimise.service.drv
  /nix/store/npkgcxj54lyrla75ncxqfijairiqm01a-unit-systemd-user-sessions.service.drv
  /nix/store/nzahgwdlrms21sz3160ap81hmc911agy-unit-mdadm-shutdown.service.drv
  /nix/store/qa2yrdqb5gyfq6vd5245ma9fblfsdzz4-unit-network-online.target.drv
  /nix/store/qij2csx6q6k1lyqh722ipkir63pz0fyw-unit-systemd-backlight-.service.drv
  /nix/store/dqbypff4paamxgv2hp6bnk982674a77q-audit-stop.drv
  /nix/store/r0v9qyghpf21d033hhk4f9rh2g1570n7-unit-audit.service.drv
  /nix/store/r4p5mrfwfac22drc89yd2xv84i4cawv8-unit-systemd-journal-flush.service.drv
  /nix/store/raq4lqyqcblsmgwxs7cqwh8ai93cpcdn-unit-polkit.service.drv
  /nix/store/rgkyssmj5a674b84pjjr2cx05xpkcsxs-unit-dhcpcd.service.drv
  /nix/store/608ixnsxarvnqh69zys5saxbc8x1qs12-etc-nsswitch.conf.drv
  /nix/store/cjs59qgrb0jggjm5arxgyf59l72ddqrj-etc-nscd.conf.drv
  /nix/store/giqh319zrnyjv68whjf74jl1f9kkzqws-unit-script-nscd-post-start.drv
  /nix/store/shp2y4w300fxk52hdl109nap7ixk5694-etc-hosts.drv
  /nix/store/rmbly94pnp5hx2zsjm0mrqxlm7gh3jkq-unit-nscd.service.drv
  /nix/store/rrjlir2x2b1mxyjh84n94qm21yvg8n7z-unit-user-.service.drv
  /nix/store/lmcia6swxsbx0ibry62kdjnr7375shp1-firewall-start.drv
  /nix/store/sk85gymfg8zlg1fc38sqg2jm39apx6ff-firewall-stop.drv
  /nix/store/xp9fs43408w7ib0x5w7aj62zqsbjqf46-firewall-reload.drv
  /nix/store/rszrqa4q36kxk1a44xc4ymcr6k8v11qv-unit-firewall.service.drv
  /nix/store/sqv84rf3r1sfham2cgb33v8fhsdncspc-unit-systemd-update-utmp.service.drv
  /nix/store/m0fckvbmhrvjqgf629wb99rj8v1jiwha-etc-journald.conf.drv
  /nix/store/wwj2jzdpzllvh53vy9q47dm6i0xkc991-unit-systemd-journald.service.drv
  /nix/store/wa69a8prph5xbpadh7gpzdyqwalmm64c-unit-script-prepare-kexec-start.drv
  /nix/store/xfdk4bmrfgcyk947w36y2n8awbkb1v1i-unit-prepare-kexec.service.drv
  /nix/store/bd9r660yxr4dnaadq1c6qmbi7a9himg0-unit-script-container_-pre-stop.drv
  /nix/store/s312k5c9k9d05wisnc4c1cnrcyi658k9-container-init.drv
  /nix/store/dl9j057hjzms1x8sgjhb81933gnzqyvx-unit-script-container_-start.drv
  /nix/store/vbgqrsjr34a80an155p222wj1vwanqzn-unit-script-container_-post-start.drv
  /nix/store/xwxb18cg6di8plglsiamp1vbq0kp25d2-unit-script-container_-pre-start.drv
  /nix/store/xqfx8333h4kkxjww2ynfj7wm657paq7p-unit-container-.service.drv
  /nix/store/y1842kiawaxr8kkdm06lbqw0f9wpmb92-unit-console-getty.service-disabled.drv
  /nix/store/k46r64lgixdl67jvmkk89aw6ri97383f-etc-nixos.conf.drv
  /nix/store/yaalj2i2wpkqd72nw800yv0vrpfkdxx3-unit-systemd-sysctl.service.drv
  /nix/store/5ymmy1j6bzn03l2as8vx0i7nv207i82r-system-units.drv
  /nix/store/6w0vx6zx4pmvqx8qzi7z8zryfhwj5b0y-etc-sleep.conf.drv
  /nix/store/8pvxgmhr0l4zv5f0wa8dszrm1nqrcw1a-unit-graphical-session.target.drv
  /nix/store/q55w1h9k47sndijfy6s448narw6fxcwy-unit-dbus.service.drv
  /nix/store/vasy82dyzqy2vpndmvvcg7ni0c4m3h5a-unit-nixos-activation.service.drv
  /nix/store/vh8czrf1n370ip3fvk5vxgn7p0dxj56f-unit-dbus.socket.drv
  /nix/store/73yrmkxcq3bim8ygw9s1262nnkaywap0-user-units.drv
  /nix/store/7h0xp36xld64l1xdf538yyax9d7356wk-mdadm.conf.drv
  /nix/store/7k2434axmiw4ssrrz8isr76lvjirvxbw-other.pam.drv
  /nix/store/80pnayc1rbgdicqc8rh6fk2kjf6hyl7f-etc-hostname.drv
  /nix/store/hfkya6y0n1rvb6qvps273yw04k4v4zcb-mounts.sh.drv
  /nix/store/n8zxcf5x2bz0wj4vbm149dg8mpxw055n-local-cmds.drv
  /nix/store/bna011z47j7m0jpnhcdzdfizqmlxvaki-stage-2-init.sh.drv
  /nix/store/p9fgwznw4748hhizsl0q9wdj8y8j0psl-set-environment.drv
  /nix/store/8r5wj3h8pv2kd7f3014q01zs0z8fr2p7-etc-profile.drv
  /nix/store/94924x4j7yvnjzv9519iyp3j26l52ya5-chsh.pam.drv
  /nix/store/9jzpmnjdrjxkixbyd7y71yxhk5h05ygr-etc-os-release.drv
  /nix/store/9wwz6w25w8a4y1n9kcsim9c7iyyjgsmb-issue.drv
  /nix/store/algqpb3gdwbx0bidvpk9jpnfxyaf8x0d-etc-shells.drv
  /nix/store/b9byaqdx6vz3wg1y8fkrkyj6b9fdfv16-etc-ssh_config.drv
  /nix/store/bfpj9q3w6fbxlmzags3fq28ys0gpsz59-client.conf.drv
  /nix/store/c0s79zqr7crw918sa966yvhmbi4x4ycf-runuser-l.pam.drv
  /nix/store/c3z2ha5ikz8qc7vzygb0lg6s96vi396k-login.defs.drv
  /nix/store/c58j6qy8b5bi6n76pisal749vc7shj66-xscreensaver.pam.drv
  /nix/store/dbr9ik577rw7b5956d3rxwpi776fmyka-ftp.pam.drv
  /nix/store/dwl5iaq9acdcp65dw73jdgbj9z9j84rz-i3lock-color.pam.drv
  /nix/store/f4vzvkpj5ypzb9q27v5zxgpvzc73cj7m-etc-user.conf.drv
  /nix/store/gh4l4jgwrr2fxi6p404djmy8562d0fc7-vlock.pam.drv
  /nix/store/hii80i062smpf9v4r655rdci0v82xdjm-polkit-1.pam.drv
  /nix/store/i24080vcdrarpj6m89xpfmxp2p22vz76-etc-resolvconf.conf.drv
  /nix/store/iyk1qjj4ai3mxrs8qs74k7z2xnirxxs3-etc-subuid.drv
  /nix/store/jip6kafcv8hbr8vb4i0yfacj4clkg0g2-udev-rules.drv
  /nix/store/jnxn3ryh53y76nlf6f7pp9ri9rmx9ri5-groupmems.pam.drv
  /nix/store/l6iwwjpq88iz4bxdz5j4d3251lr8scck-su.pam.drv
  /nix/store/m98pmi154cscy7f19yayhxy0fn0vjbvi-etc-host.conf.drv
  /nix/store/milsxnxagylrmxhw2gsxl76j3qi8z3dm-sshd.pam.drv
  /nix/store/n05vblkp0j74kd22j13b8k4fpijgii4x-i3lock.pam.drv
  /nix/store/n9jc06qy313nxf9wr4xhspp2m3bpzzpy-dhcpcd.exit-hook.drv
  /nix/store/nf7959c7q9ldglfr5p6y7b1ibabw2gs5-etc-10-nixos.rules.drv
  /nix/store/nf9jml589ss8lncj3kg4plm07xvkavvn-etc-bashrc.drv
  /nix/store/nigcx476wz1nb7jsamzc6k5641bj0v2k-xlock.pam.drv
  /nix/store/p8w3r3wg3bgx8vnxb0d32lah81wa5ib0-useradd.drv
  /nix/store/pvgjx8aspqdyy9c0mfpb758d3c27m17y-groupdel.pam.drv
  /nix/store/qqlh3qmlgm0cjmw1x9y758aggm1jk7za-chpasswd.pam.drv
  /nix/store/rf4g3p6ppsaryrwdzir2ifg5fqigw99h-cups.pam.drv
  /nix/store/s2qjziryjbb8p26vywsn57731l86b3wy-userdel.pam.drv
  /nix/store/skabqv2rm0y3c36hsfpqdbgmcnpn8jaw-useradd.pam.drv
  /nix/store/sr5bq6h08paarhplk9lbny408kxm90x3-etc-fstab.drv
  /nix/store/vdiidza65ryqkvac6vd0nbrz4znpdvn5-locale.conf.drv
  /nix/store/vf4xyg3835ya08yvanzz0fs62xzv8kba-hwdb.bin.drv
  /nix/store/x6krmf5mmf53w7hn21h41g3cfiddm2b5-etc-ssh_known_hosts.drv
  /nix/store/xaj2iz1ibpvisbs7am9spg5a93zs9rms-sudo.pam.drv
  /nix/store/z79pjdj17hnkzp7bixdmvqr2w3nr6jnw-screen.pam.drv
  /nix/store/d4rwi0j3ak87h7yfqsh7nvyjf4a2l2rx-etc.drv
  /nix/store/dzcah2daj8h3q2svcqflfavkfpsr7s8f-kernel-modules-shrunk.drv
  /nix/store/zbdida3b1s53ak0hfq2inip399gzxngf-initrd-fsinfo.drv
  /nix/store/qz3pf6yds3qw5wsmic9wg4cyjas8bwfp-stage-1-init.sh.drv
  /nix/store/hrsfszl6pm48im9adszcs3h4s2hylfvg-initrd.drv
  /nix/store/8csl4hv9s844gfcqgqc3wsfrz3dh696g-nixos-system-nixos-18.09.1806.928ff62213b.drv
these paths will be fetched (218.15 MiB download, 998.95 MiB unpacked):
  /nix/store/012pw2zwbji0njnrgnzgxvm0m7gs35jz-perl5.28.1-HTML-Parser-3.72
  /nix/store/014qbwlzhlr5236zs4yzp8x412fdbqjb-bind-9.12.2-lib
  /nix/store/02pwwwk7rq27ix4d4k8mnjbpl7k4fx1f-diffutils-3.6
  /nix/store/04zm6yflf1spzq8z72bgawj8n3v13758-raspberrypi-tools-2018-02-05
  /nix/store/06mwz2kzgpzxhx3zpq1fniv39axwpbwc-libnetfilter_conntrack-1.0.7
  /nix/store/0ahbg07mlrm1aaaw1cxqvnjg8cck37pv-ncurses-6.1-20181027
  /nix/store/0kpb0ch56pndz85wjpzh6xz7k1wfy230-lzo-2.10
  /nix/store/0nqpykq1c2dal08q4ghq6n91bazyyldq-desktop-file-utils-0.23
  /nix/store/0rxfq3yfx18lxpj3wcgbv062ip50dh8k-openssh-7.7p1
  /nix/store/0v9wnbgn1d57wz2n1fmakqqz185p0q2g-shared-mime-info-1.10
  /nix/store/11spv37xcwp2dy0lv1d58x4zzfk43v72-util-linux-2.32.1
  /nix/store/198sfjc9pdg4nm0l92andbb5pgkcb0cg-libXext-1.3.3
  /nix/store/1ask8s4snb6dl8hbsvh01ha77kzxyncr-attr-2.4.47-doc
  /nix/store/1gxkz5ddw9adgdpd01q2k5aq7rlf7d57-libapparmor-2.12.0
  /nix/store/1j3hsdyjclfs4wvwfvplrrw505q6aka7-nixos-install
  /nix/store/1km31hvsyiwggvhi455nvkyvvqajm60v-libelf-0.8.13
  /nix/store/1ks31bqjaswjgpnmv6z1ks18337kj5n0-pcre2-10.31
  /nix/store/1lsh6v8v259jbmxxbffxdbp59qm1dzwx-perl5.28.1-HTTP-Cookies-6.04
  /nix/store/1m6mfnqh3rf8is20lmylks9llici3h52-time-1.9
  /nix/store/24bgzry3livnn3sfhfzljy1z8kg92p4y-fribidi-1.0.5
  /nix/store/286xnfyq7nrnj3a8nh9zdg0az0xd7g53-nano-3.1
  /nix/store/28ns9h3jacvmzavx77imh6nmrgm2lwnr-perl5.28.1-Test-RequiresInternet-0.05
  /nix/store/2bwi08i94gmzglvsyii9arz0yqakfr6z-libnfnetlink-1.0.1
  /nix/store/2g5f5ljmhk44cmxq4p9jggsn3c6w3lib-perl5.28.1-WWW-RobotRules-6.02
  /nix/store/2idxvs1fs3iz9l4031cj8c0iyyz386fl-gtk+-2.24.32
  /nix/store/2mhxkv07g38xa3ym5c4fyjl7sgzdlgmw-polkit-0.115
  /nix/store/2mm5zgdcqzfqc7bf6ksi358pfmyj9nw6-libXi-1.7.9
  /nix/store/2qh5cnbvw9cx14qll4v2556j3h0qclwn-bcache-tools-1.0.7
  /nix/store/2szr166c271w2w7qbjrlknzly9jjp97m-dbus-1.12.10-doc
  /nix/store/30i8nai4hkhrmrx8nq03klx58hclip8i-ntfs3g-2017.3.23
  /nix/store/3141b73b1d0myvh272s4xnlsq3nk6dw1-fuse-2.9.8
  /nix/store/31npb2m4maqb6wybrm702cfn1wnqccy9-dbus-1.12.10-lib
  /nix/store/32d3lqc84djdkwkqs62xnjvzvmrcd0y2-stdenv-linux
  /nix/store/378688g9c4i54irjsvlilv8qdy2hvzss-rsync-3.1.3
  /nix/store/37xg162f7k8g460br61d7fcvirr8vs6h-libXfixes-5.0.3
  /nix/store/3a0l5lgx9avznqnfygci7h8h4aapih6f-systemd-239-lib
  /nix/store/3crsnygy170jaqb5dqzk8s5mg06ld868-fontconfig-etc
  /nix/store/3gmzv6hj5b2i91x070pwv2smhyfl7lr7-util-linux-2.32.1-bin
  /nix/store/3l2xcnw82c8jn6xvxxhfm23ql4i02fya-kmod-debian-aliases-22-1.1.conf
  /nix/store/3rlghcxgsjk3agwiih2k6whqn1zcyyic-xfsprogs-4.14.0-bin
  /nix/store/3wvwvcak0qlg8s7h8f35mfgsqnv16dg7-coreutils-8.29-info
  /nix/store/41hkisrvnqy4fcn4zf92r1krd69s93n0-gcc-7.3.0
  /nix/store/4391kgfzsrd8xhfa9ibajz2p2jfrqiw5-graphite2-1.3.6
  /nix/store/446gz0rs5a1srdi28w3yj3qhrr7jdijb-nix.conf
  /nix/store/4crqfy09kz3yp7d3azs7i370vl2qkpf2-linux-4.19.12
  /nix/store/4n92dkbi6xraz7icia6mrq8a5d8rk5pd-rng-tools-5
  /nix/store/4z27iw47mxmdq4qfmv9gd2va5xz2xida-libXinerama-1.1.3
  /nix/store/541zis1nb2b3mpvizhcmbzn8vgi9dnxs-openresolv-3.9.0
  /nix/store/571hq782m0q6rw5l5x61iwlz32inkb75-zstd-1.3.5
  /nix/store/57lycfif1a3acs4qs8maj1370dxaqw61-linux-pam-1.3.0-man
  /nix/store/59q1ab9a6m6ghqpr4vxkysx30yrlbkdr-dhcpcd-7.0.8
  /nix/store/5a3mwhrc3yi988ijbishlybgrj3f8sbn-libaio-0.3.110
  /nix/store/5bcawmgc8ddsx3q25c8wfh54ik88zpib-systemd-239-man
  /nix/store/5cwwlfvjdn6wfls0y4xhc7riyw8ynd32-perl-5.28.1-man
  /nix/store/5djbi3k2nw5ypn28f19c9fkansb58fs5-nuke-references
  /nix/store/5hib4yglddq4ij3nwpydz7q8siy63gvj-iproute2-4.18.0
  /nix/store/5mmknsnhnwgp79py10rrha5402fv9nnz-binutils-wrapper-2.30
  /nix/store/5pak4j7h64acnv5zid19b5cn42mmjwgq-bash-interactive-4.4-p23
  /nix/store/5pxkn2i0pxhh7csvwn7z0gg01j68f392-libtiff-4.0.10
  /nix/store/5v9l4pkp2drkmhic28nvqwwl0vw5lg58-libusb-1.0.22
  /nix/store/5w30f11hyp4sn2lqhby76278baafq2ba-util-linux-2.32.1
  /nix/store/6360l767jcb5aqiqadxk9f87vbv54vwc-fuse-3.2.6
  /nix/store/66cmr1wf61j5gk85vnh8zx4lbj7q5blg-perl5.28.1-File-Listing-6.04
  /nix/store/66r8yqsv760lla8jk1nw4ybmb1lpp3jd-bind-9.12.2-man
  /nix/store/66zd4arf2i6qgbhpbddv0wkf839j3c4j-perl5.28.1-IO-HTML-1.001
  /nix/store/6cbv6irxgnn0c08hnpqz75i9w0ahixdc-harfbuzz-1.8.8
  /nix/store/6grzps6c8plinp4agy8pm6ri5rgyxnbz-fc-00-nixos-cache.conf
  /nix/store/6hdrlnmrqlq71hq8v79s0ps3aqsjbk67-pango-1.42.1
  /nix/store/6klchadpzgmjkld2j967wpxjrbfgy04p-perl5.28.1-Try-Tiny-0.30
  /nix/store/6lvd0m0wfzj5w7k4lj0dxccfd3a6pl63-libXdmcp-1.1.2
  /nix/store/6mdwgm257f8pfbzzhqn7jacl02bk5s1s-libidn2-2.0.5
  /nix/store/709hakznpmgnggmp8w5ri0790ansah5q-nspr-4.19-dev
  /nix/store/73gl19cshsfhd3rm6bfhbp4xm5smmk1f-perl5.28.1-LWP-MediaTypes-6.02
  /nix/store/74q7cik24wlmm0bc0jgq4lk4cp2gmcm3-kmod-blacklist-22-1.1ubuntu1
  /nix/store/7g75dnnn7wvidc1fz2h59rw3n5kl7h93-db-4.8.30
  /nix/store/7p40h8mvl9bx2g44y23zw7rsfv7d639q-libblockdev-2.19
  /nix/store/7ws9hmibmi9f8klaj2q2zs7pvqanzfsj-libcap-2.25-man
  /nix/store/8211cd9d62rw9mj2lnk02k23jilyz0j9-volume_key-0.3.11
  /nix/store/8867dyvavfwyyjf5m49yknxkacw4jb92-perl5.28.1-HTML-Tagset-3.20
  /nix/store/8f4qf21jzb8wlalkax3prqh86p94rz7d-libatasmart-0.19
  /nix/store/8grwji6c0qrsqanxv5vs3l2lkk21frqa-libcap-ng-0.7.9
  /nix/store/8j18i29228xvq742hyd7l98j15k9fh41-dns-root-data-2017-10-24
  /nix/store/8jmqniqy7xv13z0wyia06sq06bgyvgg3-perl5.28.1-XML-Twig-3.52
  /nix/store/8p7j96c0kq11263jk8fvbf87qhf9qbwh-libunistring-0.9.10
  /nix/store/8q5ak013hjb09hg61nyzipdj3r4xsgxh-udisks-2.8.1
  /nix/store/8s38h50pg5r0gg67hjqrqiqb0nviiaw9-libgpg-error-1.28
  /nix/store/8wfq77ls24yx8h0as1l6kr5djymfv13z-nixos-enter
  /nix/store/8xvc4prsxrxk4ffb56wqhdbx0kmna4kj-libjpeg-turbo-1.5.3
  /nix/store/9448kdi15aicf4i6xb5dpq7fhq6c5v63-libxml2-2.9.8
  /nix/store/9782ppgldqfjgxv6wc34lcsi0h1a9ppm-util-linux-2.32.1-bin
  /nix/store/984c0rfg8wgffqq96h9zlzh5ff781j2m-libcap-2.25-doc
  /nix/store/997rjh50lj1dclb7mpp9zvn6makcsss9-udev-rules
  /nix/store/9c6ap6fyz9c82gd2w54s244grsd9qyqn-libmnl-1.0.4
  /nix/store/9i6w598azqd488w0n8cff9ly8s4vamc9-iptables-1.6.2
  /nix/store/9srjrskz96bfcgq3hpy8rw258iafgyxw-e2fsprogs-1.44.4-bin
  /nix/store/a2j470w15pllgyy5c7sqns0xm63pd8j6-fc-53-no-type1.conf
  /nix/store/ab9s9r6iqah8rqj7s06sw3dj9m0hrgdp-libXrandr-1.5.1
  /nix/store/af3h354r19crz88qaj6ci7fq84pwin07-attr-2.4.47-bin
  /nix/store/ah68v0mh9g7lfayf1047jzy1xxzfpk00-libICE-1.0.9
  /nix/store/axlgw4yw6yk4nagb5iyh0k4gczkahqv3-acl-2.2.52-doc
  /nix/store/az2784gimq792c7x1z0mx256v0g3rjhw-binutils-2.30
  /nix/store/azq056pp4c95qmhg0qs4r85dzkcnlsqi-glibc-2.27-bin
  /nix/store/b2gbw9ic94wiwv1sfbagkgqyhmw0d61g-icu4c-59.1
  /nix/store/b3dwplnr9m56kmjj13dw15jkrf19id0i-glibc-2.27-dev
  /nix/store/b5myd0lqivqix380z7d6j83cfh5w0ys0-unbound-1.7.3-lib
  /nix/store/b75xbp85sh7k7c3aydr529afzk6l7dqa-cairo-1.15.12
  /nix/store/bav2nl2bx0havci01a1kw6lmkxlv9cn6-texinfo-interactive-6.5
  /nix/store/bbcwmyrzfmsp0wscj1bmb6vwq6ncv8zh-libX11-1.6.6
  /nix/store/bdzpv7x9qnq65dvl6dwr65w4y5m9mr0h-perl5.28.1-DBD-SQLite-1.58
  /nix/store/bghdbhsr9j8ar78ycl5pcv8ysb6kg10r-libxslt-1.1.32-bin
  /nix/store/bhz66907127wwm0vb2h3fy54c2dldvnf-gnutls-3.6.2
  /nix/store/binn8y7lyqx5xqmn0g169qk91fw9902l-perl5.28.1-HTTP-Daemon-6.01
  /nix/store/biqyj76gqh307wyn72h65r5jj0msckc1-shadow-4.6-su
  /nix/store/bn23jc1v6g1gx31y28wa5skxgw7g3mrg-groff-1.22.3
  /nix/store/bp00hkphxhpprzwchb6jkkyhvpfkl725-nettle-3.4.1
  /nix/store/bqn1qwma1lf2fdb50662w6fmjphd0777-fc-cache
  /nix/store/bvfjvymhnvm51zl337g512sqd0mxrx4a-e2fsprogs-1.44.4-info
  /nix/store/c61x81a9b1pjgyqz4ixijrschiyn9k68-kbd-env
  /nix/store/c9qy9xsix3avnvavgj5bm4kiqh6pss80-e2fsprogs-1.44.4
  /nix/store/cg6a0aw3ypbajmdqja32wx7qnalhbnik-dvp-1.2.1
  /nix/store/cgb1vrgx2awrg53lc11krw5cc55saip9-shadow-4.6-man
  /nix/store/chivsf7jccpir2c4gcw063kfia3cg0ap-paxctl-0.9
  /nix/store/cjm4ra8ivxnap26x0w67r8yx84vjnnf1-firmware
  /nix/store/csl6sm8saiifah14q5jsn6vy30w0y3kb-dbus-1.12.10
  /nix/store/cvm1ynifaznbrwaxzm63yagvx2nh6glp-lndir-1.0.3
  /nix/store/cwk350z0ysg9ficg2qbq6w682jy5qi52-fontconfig-2.12.6-bin
  /nix/store/d31fibbm3qdgv3xgxf5ivdd4ifsmfqms-fonts.conf
  /nix/store/d4vw1an1ms8386cjjhvs01gylazxlzqd-libXcomposite-0.4.4
  /nix/store/d5j554wmp71jccxs2izsl8rs8bsb3rbn-acl-2.2.52-man
  /nix/store/dccs2a4xpwqdm9cc7svl2a0pjp0rwg1l-perl5.28.1-Net-HTTP-6.18
  /nix/store/dl45mn83gc3blv6iy1cz09003gmhh2bl-libXmu-1.1.2
  /nix/store/dnify54yf3bcz84rxibbj2wz852vgbwl-busybox-1.29.3
  /nix/store/dnnc41p4jzqdkbn9j7d1afbdzqniz7r1-libXau-1.0.8
  /nix/store/dr5rxrhfa2y7hb2a5y1p2c7qn7i1hpg4-diffutils-3.6-info
  /nix/store/drns25sn0sjigvpy86hjdp002rlhvw1r-util-linux-2.32.1-man
  /nix/store/dssgkiz2ds348qymp7kv1fh4hkjyd41d-which-2.21
  /nix/store/dy087844n8942c53xvmq9by9j1fqdn6m-extlinux-conf-builder.sh
  /nix/store/dzkfnhjwipacr5jnwnkhcnj19nrarnbd-xauth-1.0.10
  /nix/store/f08nrz4arb03hn3yg320zhbzhba4ifs4-json-c-0.13.1
  /nix/store/f588kz5mvdkjpc502rkhjpzs7gjb220c-parted-3.2
  /nix/store/f62gxy8czkc2c4zx0fafmvw9wm5y7q3n-perl5.28.1-HTTP-Date-6.02
  /nix/store/fcqfpfh1mw6lfgma5kawqsay8fs1111b-freetype-2.9
  /nix/store/fg69vm7g4sprcd5i3q45086x9iv87wma-kbd-2.0.4
  /nix/store/fi8cq4c4ccmpl40plkx0nl9ryhh36fgl-libxcb-1.12
  /nix/store/fk6cw3hqm484a24yxf2rm9l1a1qbxzaz-perl5.28.1-Net-DBus-1.1.0
  /nix/store/fs1ib0psxv3z5k45l7195fn94l5h5g8m-sudoers
  /nix/store/fsbxillsyjlzz9h0m94gcy7q17w5nhsp-cpio-2.12
  /nix/store/g035cd6ay7cmdh47nx0jwx2ym5k2zag8-linux-pam-1.3.0-doc
  /nix/store/g58yzl7y4d7c1vqm5il68dh7mw2bc3nn-kernel-modules
  /nix/store/g8idrbqhi98lbn3lpbd91d4f7ydwzpmz-lvm2-2.02.177
  /nix/store/g98phcs67da7d1h0bdg0h9b3c1yv0a31-gzip-1.9-man
  /nix/store/gcidjfwj09dsdm3r0ks8674p8r0s1knc-libressl-2.7.4
  /nix/store/gdhq5i6rfmx0g5rgm3q95g7y5hs29jm4-man-db-2.7.5
  /nix/store/gwf19ix85pwp74fw36j07v4l72fpnhl8-atk-2.28.1
  /nix/store/gxc4scixprzb5p750i12fg4wfc5m3fkr-libxslt-1.1.32
  /nix/store/gzd9n8frkdi6na0yxygbsxyy1xsld0pn-cyrus-sasl-2.1.26
  /nix/store/gzlrl5vb8lsbkc525if54d4s7xfaqhr9-initrd-kmod-blacklist-ubuntu
  /nix/store/h66rkyliwvrzff4hsd10bsl4grri87qh-hook
  /nix/store/h72jiv15ssxcxxm6034fabvx3q10wqhn-perl5.28.1-Encode-Locale-1.05
  /nix/store/hhlrmrnbm5hnqx1lgbfl8nafczhbx1hm-udev-path
  /nix/store/hj8lkhn2m1z45417kphyqphs08pmlkwm-nixos-option
  /nix/store/hknghxjpk453kqbhp8zrxnk2jyx9rfkz-spidermonkey-52.9.0
  /nix/store/hl009j4rznijy7sdmsspypc148km882d-libdaemon-0.14
  /nix/store/hmn8nrzfv5dchinnbz33z77q935my3ba-bind-9.12.2-host
  /nix/store/hn2r88xr42c0j5804yw103izak2dvgpn-libevent-2.1.8
  /nix/store/hphinkrnmsil9rzgz8vfwycqc7r3bcv6-xz-5.2.4-doc
  /nix/store/hq3y3qdy051i0lfy9vyyyd8ks723mkzq-mpfr-4.0.1
  /nix/store/hqlg7z2bz2lyzlyw686f3ls1v1rnmh03-less-530
  /nix/store/hx45kbdmv3jqyla7wcilqflvvlhy9nxq-perl5.28.1-libwww-perl-6.35
  /nix/store/hyvgrglyvxjis039pi0jq7pjic23ygj6-readline-6.3p08
  /nix/store/hzz94jx3isz5jda0dgglp3fnnq38wgrs-audit-2.8.4
  /nix/store/i9cpz1if6635vp1msg71pjja0crj2mpj-gnu-config-2016-12-31
  /nix/store/i9wpfi31l32jxp922bxz2zgcz0yabadk-kmod-25
  /nix/store/ig4b08pgkac0230mwplf7bz9pys28kkd-fc-10-antialias.conf
  /nix/store/ii0p4hrcf6x903y9z58cr3njr0jspdv2-openldap-2.4.46
  /nix/store/iwpxnqk9kfap6h1mafbahdxgffz977dw-findutils-4.6.0-info
  /nix/store/j12j8kz4ljx2xjys0f7szjsbvm0fwl7m-patch-2.7.6
  /nix/store/j3sxsh8mi905ydn3hq32gqmfcf5bljmb-iputils-20180629
  /nix/store/j98ng5yf5lz6ay10pk3x8247446z6pki-perl5.28.1-HTTP-Message-6.18
  /nix/store/jk34gdjj7l8v2a7ivqd7f3l5a9cr1snb-bash-interactive-4.4-p23-man
  /nix/store/jk51fmj7nphjpph6ax62plvjqphrpc51-neo-2476
  /nix/store/jq1wbnk7q657dm5l3bg3clrsvh6w1kk3-libbytesize-1.4
  /nix/store/jrm3k3l4q8smriip3zfg7kmz4vi8f4pk-patchelf-0.9
  /nix/store/js2rrxj4hslzkg6fky123q2awcfpks7n-nano-3.1-info
  /nix/store/js5qrqq2yh1zjyhb3awd8nwszsa8fhsa-font-penultimate-conf
  /nix/store/js97q6pvzh5cqaz4gigfrsln2bl5qixj-expat-2.2.6
  /nix/store/jvq5swaz3k80lrqy0vdl6d2w143m7zkk-system-generators
  /nix/store/k0kifv910f7fpb1xhzdqlviqllr6wzvb-bash-interactive-4.4-p23-doc
  /nix/store/k55sz26x13w3p03k5bvsz3f047zsj3p8-btrfs-progs-4.15.1
  /nix/store/kclv8p6kj95qy5fv3l80f9a8qcndgwgs-udisks-2.8.1-man
  /nix/store/kcwh68ds6c5zwwzxcsrzljn5qw3fj031-fc-52-nixos-default-fonts.conf
  /nix/store/kd4ax9v7ifkxnr5qvgvjnl0hak386wnj-libedit-20180525-3.1
  /nix/store/kfch4vbakv892y0c8ilkqaa4kjb06m3m-systemd-239
  /nix/store/kmaa744jfnvihdwb61ksy537pwapihk8-libtasn1-4.13
  /nix/store/kq79dmbjzaslwmk7bpgv0bi5h8ldghsw-gcc-wrapper-7.3.0
  /nix/store/ks3p8gf3a3jshrakc2z3cdw0yn19md0f-gawk-4.2.1-info
  /nix/store/kvx5mpn34ymfxjvhi41lph04b1cq2637-nilfs-utils-2.2.7
  /nix/store/kz9hbjj0hkaksa1rkl1v06l68mm7ajrs-util-linux-2.32.1-dev
  /nix/store/l1c1izk1cd3x2wfwix0w6xdfwg66fs41-libsecret-0.18.5
  /nix/store/l785lccyawnmbnfaff5g43qqlzswl891-fc-10-subpixel.conf
  /nix/store/l8b1a3cl7pwpyfr4j60d70q783fcxcfi-nix-2.1.3-doc
  /nix/store/l99zyli5fgwiaah7rmaf9jpax2wfvksa-popt-1.16
  /nix/store/lah3vpq0sb1n9j3s0w2mc2xfrz60cqqm-dmraid-1.0.0.rc16
  /nix/store/ll4mnznh40kyx5br4wcrv1bs29gj1rml-man-db-2.7.5-doc
  /nix/store/lvlkz6bij125acns532c93msnvakzwir-ed-1.14.2
  /nix/store/lwrba4w4igw3jw7bg8p9jinsm05anard-ncurses-6.1-20181027-man
  /nix/store/lx4vlsk980xmkzzdkx81iym0h76qaf9x-db-5.3.28
  /nix/store/m0kzg1p6d2lmg1r784c4niq68js0ll1r-findutils-4.6.0
  /nix/store/m1jqvcfxv7bywcxq4l2k0h7qwchl8vp3-jasper-2.0.14
  /nix/store/m2jb11b5whrvk7fg6y7ms13nl99k21y5-libnftnl-1.1.1
  /nix/store/m5vjmp078398avxasqm5msxvxb9zbcqj-curl-7.62.0-bin
  /nix/store/m69f3sw6cn6li1f28dqfb2w1v4ma4il1-cracklib-2.9.6
  /nix/store/m6lzdck7zv598063lgwz824k6lf145vl-f2fs-tools-1.11.0
  /nix/store/mdv03cl5zajxzv7dffrhxvdssx536j1h-fc-00-nixos-cache.conf
  /nix/store/mki7gpbvl0zrab5hk0j65bh2n8fa3lnq-texinfo-6.5
  /nix/store/mq5n6wza45qcj49a48myi5gqy71bcxpm-audit-2.8.4-bin
  /nix/store/mrzgsqpkrk38fyrndx18r9np1kyrcas8-perl5.28.1-Test-Fatal-0.014
  /nix/store/mvm084rd24v2g0qb37x5hhz0gsb4bw12-libgcrypt-1.8.3
  /nix/store/mzpbxjn9n0zm0f6d9sicprbywc9pp4s5-gnumake-4.2.1
  /nix/store/n41vzqxnq3fw2z18537pj2dwz3xc893y-ca-certificates.crt
  /nix/store/n5ycpan15513hk8qryc7pxs9a1xrli5x-attr-2.4.47-man
  /nix/store/n70zx5n7x33lyww10rf5gh3qr7zxdsm1-libXft-2.3.2
  /nix/store/n72y8z0x4qvdjdlwkxcvbqf5ajgfbns1-readline-7.0p5
  /nix/store/n94fz11n7swibfll6pjsbgfxnrff7m4j-libpng-apng-1.6.35
  /nix/store/n9ns6b3mw6gavl5bjl71k83wmwh7a0z9-nixos-build-vms
  /nix/store/nhah9h1g3gn52iwd9172p8pyn40ap86x-nix-bash-completions-0.6.7
  /nix/store/nnw3y28acr85c9wx0ipxd5km2mzxs0ib-e2fsprogs-1.44.4-man
  /nix/store/nv6gzb9kdgz9j40m1pbid9z1fnj181zc-perl-5.28.1
  /nix/store/nvfhjrc407ndhf90l75qd4gn9nmvwn3h-perl5.28.1-HTTP-Negotiate-6.01
  /nix/store/nx3fizig2fn3j5w2nac00d5dbb4ndrgb-libunwind-1.2.1
  /nix/store/p07056fan63kv2l5wy95wx5il407xrhm-cups-2.2.6-lib
  /nix/store/p8ply1849fd8nqa4qxvmm4lbl2rkbmls-linux-pam-1.3.0
  /nix/store/pag0ppa1gw5q0g7kc61c50vmmpjk2gmn-tzdata-2018g
  /nix/store/pb8pjxsxhijwq4z7lzavyhzh1132mjb4-curl-7.62.0-man
  /nix/store/pcbm7ypgqgrbn0lmlmgl04n2pbwfhdyx-mdadm-4.0
  /nix/store/pcy2v51a64hzc9ay5m89qn6plw7366cx-bash-completion-2.8
  /nix/store/pfyq8325i0p5q7dcgrxkzh6q1719g5i2-libXcursor-1.1.15
  /nix/store/pi21wq864h5nrvwmmyv7ld3q98bq7wv5-perl5.28.1-JSON-2.97001
  /nix/store/pi995xwy8m5gdrfx5pvg9zawx8kmhy45-libXrender-0.9.10
  /nix/store/ps9z52hnf5nhdxgd4vv0vcv42kva89j4-security-wrapper
  /nix/store/px1vxfhxhsbb51irhz2jw2cz81y2pgw1-gawk-4.2.1-man
  /nix/store/py65m5xivqbcg59188wnna601hmyqclv-libmicrohttpd-0.9.59
  /nix/store/q1xljjvqgxs8pyniqhrk8d543idhjap0-pcsclite-1.8.24-bin
  /nix/store/q38ypxgp2ny9v8f03lsfdnzhnlvnm8gy-cryptsetup-2.0.6
  /nix/store/q4mbs2gfsq3w2dzklww9zxd861x0zcm7-gdk-pixbuf-2.36.12
  /nix/store/q966vbll7wjrzpsjjk9wn9vkf3nx9aln-gnused-4.5-info
  /nix/store/qfwm5xss60ldbs2b44dax30pjk2s3skm-libgudev-232
  /nix/store/qgp57l14lngz195sx26hkz2hr1lp2i97-libcap-2.25
  /nix/store/qmrg93gfdx2ln89iaqwckblfy20k5pmm-command-not-found
  /nix/store/qy2i9qlr4mkvkks3qw64gqb7dgdxaz8w-libressl-2.7.4-nc
  /nix/store/qyzn41025lbm383fq0vhnxf4khksa6dd-stdenv-linux
  /nix/store/r28p3w1gdir155gj56ic4kdp9ifzr883-perl5.28.1-XML-Parser-2.44
  /nix/store/r7i8yc86z2zmanqy8v73l8ywars19qhx-nix-info
  /nix/store/r8xiw1xhlcv19xcdwhiqsnq5z9qcb9zk-perl5.28.1-URI-1.74
  /nix/store/rk0rrmwa3yiflnbcfkqvdd01v1xqlz59-pinentry-1.1.0
  /nix/store/rspk261mw720zw30pkbg75d1q5hh0csw-npth-1.6
  /nix/store/rzgr9z37wz5nvaby1bcdxyz3n04hrg83-gawk-4.2.1
  /nix/store/s3c1s36zrxjpc3wgd9snggq46w7wcs3y-libndctl-61.2-man
  /nix/store/s5h8l02wi9s4r32kgjvrmia8r1hznmrw-sendmail-script
  /nix/store/s6pxxflqksml5qgb7ag464rhqwrhk17c-avahi-0.7
  /nix/store/s7crsri1jns5nv16zjyddjr1av9wwcqk-exfat-1.2.8
  /nix/store/s7kqm3smlx5479x8sa2f06qr9j4x6ndj-libressl-2.7.4-man
  /nix/store/s8przgrwhgp4xgsxip5l043j5il7ackn-kexec-tools-2.0.17
  /nix/store/scva4yg2nfws7lf1b0fld7l90jpyj07p-xfsprogs-4.14.0
  /nix/store/sgzfkfkyq879k7s4z3qxprqx7kn78w0g-fc-10-hinting.conf
  /nix/store/sii2zpm50ik2411fwqdjx83ipj4wazpx-nixos-generate-config
  /nix/store/sj4nwzrff7k1y7pza4ddwklyj9vqillx-libtool-2.4.6-lib
  /nix/store/sj5nvh3zxanhfpz9zypqpdyiyamsqsr6-libndctl-61.2
  /nix/store/sk75ykkpq6ahnyyh0wxv2s4k1jrwdy0g-thin-provisioning-tools-0.7.6
  /nix/store/sksjq353f0hr363602qc82rgnabcr0v8-procps-3.3.15
  /nix/store/slf861bcgjgqlgkbs1d1636wj933s9jp-expand-response-params
  /nix/store/sz7g3ymjf24fqcxdaqwpy5d98lbama1p-fc-cache
  /nix/store/v6safcj1rg1mnyrmbkzh2lrk488xkycx-keymap
  /nix/store/v74mnbcg0hg3lwsbjy9zspcbc7ikshxf-strace-4.24
  /nix/store/vbszhgv6pcxilz7k3z7jxpbwawgqb78b-sudo-1.8.24
  /nix/store/vdl68cy8vrnq61698733qra6nwsjlljf-nss-3.40.1
  /nix/store/vip1dhbfk7aqf4d65gpm08zzp589c7aj-xz-5.2.4-man
  /nix/store/vj2khi3d7lrm8w8adrw94lwx8mcnz8fw-net-tools-1.60_p20170221182432
  /nix/store/vrvk5050y8pj6fd9hhl32adkah6i60rp-bash-interactive-4.4-p23-info
  /nix/store/vvnlb4xgnw511zzjl9j3bxrk1nj01aid-gpgme-1.11.1
  /nix/store/vzakwhjri1lap0vlwbr0vwl4jk36fmqy-polkit-0.115-bin
  /nix/store/w0hxcfrim2zdyckx6bbpfjillxlhzbpl-libSM-1.2.2
  /nix/store/w1llhilzm597k4pg28cbs4r45bl992cl-perl5.28.1-String-ShellQuote-1.04
  /nix/store/w21n3m3vhcjnv2abxms8b4xhjv76crn1-gzip-1.9-info
  /nix/store/w8xwxcznpv20p17d082xb69cjish8pww-bzip2-1.0.6.0.1-man
  /nix/store/w9rjpsl67ac2nd287182jb5p24fcn230-acl-2.2.52-bin
  /nix/store/wgavmjfailw29y7dsg7dnnql479nlcnc-pcsclite-1.8.24
  /nix/store/wi56mkyx4n88mwavdxvsnra6b3pskzgi-pixman-0.34.0
  /nix/store/wlnlnn6c0w1h0nrqhfrf6ddvb04jn5yv-libyaml-0.2.1
  /nix/store/wpvizdd6ph42arh7l18c9pjc571z73q9-linux-headers-4.15
  /nix/store/wqpmc1pva8rsnwk3l9xs0f18vqlhvhcx-libksba-1.3.5
  /nix/store/x979awfvh81pfrl72mxgm73z2a514rli-perl5.28.1-Test-Needs-0.002005
  /nix/store/xh4flc1d6yphjapg3l7sf6x2kpyg795p-fontconfig-2.12.6
  /nix/store/xq5i2mfgblpqadbbbx671hmsvn3h44bn-gnused-4.5
  /nix/store/xvz23g0g661z8ywkkpp308bbiawyn548-gnutar-1.30-info
  /nix/store/y14kzdws82dbkyssnynpm25dlk4pdksm-gnugrep-3.1
  /nix/store/y1q8fsv85spqby297hylrhv233adk6zr-glibc-locales-2.27
  /nix/store/y32yl4z6j4103hqv42inhfdi6vj7qf06-libassuan-2.5.1
  /nix/store/y7i4d4rq6l81wcc2k684bs6hskhnbc0b-glib-2.56.0
  /nix/store/yj29jdjn6hklm254plbvwpci906db2wd-libpipeline-1.5.0
  /nix/store/yjdyc4kghw6b790mwq7lv2vx2pv84lpj-pcre-8.42
  /nix/store/yl47lv31pl2mkrlskpnbzvy3pbjslscb-libXt-1.1.5
  /nix/store/yl5yy5nl3yznwdvvwy03jfagj9v84sci-p11-kit-0.23.13
  /nix/store/yqwlj4db3zsln2d1xwqmw6ks8mjp28nw-dosfstools-4.1
  /nix/store/ysnvsrn3wqib0757shqg9823pvm6hv9m-perl5.28.1-File-Slurp-9999.19
  /nix/store/yvf1vnx6jwn9wzh3sjdgr2d670j0zpdg-shadow-4.6
  /nix/store/yzfwmssgpkff21f4xcnk2m8vav6nwlah-iana-etc-20180905
  /nix/store/z02rwwhikfvv0djrzpwnla685yk8chr4-xfsprogs-4.14.0-dev
  /nix/store/z32qmn7rc604wabihwwz45zhm194panl-gmp-6.1.2
  /nix/store/z3bsa2rar67rk9b9n7ybnbbd2ds2kbqk-lz4-1.8.3
  /nix/store/z5h1w2rm9p6savqdi2m5i127wknbmi00-libcap-2.25-lib
  /nix/store/z8zm0q37vhakxa5srd1pgwp77dg5kdmp-perl5.28.1-DBI-1.641
  /nix/store/z94xahpdvadb6f2nfb8nvk7pzzaxd1d1-fontconfig-2.12.6-lib
  /nix/store/zc56s1l7rwj52r9ai933rr0k0flf2rck-libffi-3.2.1
  /nix/store/zcs51dr0ashpyyaghyw42587bjwyqb9f-gnupg-2.2.11
  /nix/store/zg57j1bijn5da9f352vkpx7jh8mdvncd-lvm2-2.02.177
  /nix/store/zji5qwlpqbrs7dfcq59gcplklar537f3-nixos-container
  /nix/store/zkaxqcg10i032366mr4871bpa2m3d0im-extra-utils
  /nix/store/zl2qh535f76wagx8dxk3wjnvwrvxrjly-gnugrep-3.1-info
  /nix/store/zmha87b7h3gjqqrd33zhv37rp8lksamq-libselinux-2.7
  /nix/store/zqwgnw35jm905fmpjvrflnpk716gbbl2-libglvnd-1.0.0
  /nix/store/zs14kdvy7xglm2vza7k41wsigpyjb7qd-nspr-4.19
copying path '/nix/store/cjm4ra8ivxnap26x0w67r8yx84vjnnf1-firmware' from 'https://cache.nixos.org'...
copying path '/nix/store/w9rjpsl67ac2nd287182jb5p24fcn230-acl-2.2.52-bin' from 'https://cache.nixos.org'...
copying path '/nix/store/axlgw4yw6yk4nagb5iyh0k4gczkahqv3-acl-2.2.52-doc' from 'https://cache.nixos.org'...
copying path '/nix/store/d5j554wmp71jccxs2izsl8rs8bsb3rbn-acl-2.2.52-man' from 'https://cache.nixos.org'...
copying path '/nix/store/af3h354r19crz88qaj6ci7fq84pwin07-attr-2.4.47-bin' from 'https://cache.nixos.org'...
copying path '/nix/store/1ask8s4snb6dl8hbsvh01ha77kzxyncr-attr-2.4.47-doc' from 'https://cache.nixos.org'...
copying path '/nix/store/n5ycpan15513hk8qryc7pxs9a1xrli5x-attr-2.4.47-man' from 'https://cache.nixos.org'...
copying path '/nix/store/hzz94jx3isz5jda0dgglp3fnnq38wgrs-audit-2.8.4' from 'https://cache.nixos.org'...
copying path '/nix/store/pcy2v51a64hzc9ay5m89qn6plw7366cx-bash-completion-2.8' from 'https://cache.nixos.org'...
copying path '/nix/store/mq5n6wza45qcj49a48myi5gqy71bcxpm-audit-2.8.4-bin' from 'https://cache.nixos.org'...
copying path '/nix/store/66r8yqsv760lla8jk1nw4ybmb1lpp3jd-bind-9.12.2-man' from 'https://cache.nixos.org'...
copying path '/nix/store/az2784gimq792c7x1z0mx256v0g3rjhw-binutils-2.30' from 'https://cache.nixos.org'...
copying path '/nix/store/dnify54yf3bcz84rxibbj2wz852vgbwl-busybox-1.29.3' from 'https://cache.nixos.org'...
copying path '/nix/store/w8xwxcznpv20p17d082xb69cjish8pww-bzip2-1.0.6.0.1-man' from 'https://cache.nixos.org'...
copying path '/nix/store/n41vzqxnq3fw2z18537pj2dwz3xc893y-ca-certificates.crt' from 'https://cache.nixos.org'...
copying path '/nix/store/3wvwvcak0qlg8s7h8f35mfgsqnv16dg7-coreutils-8.29-info' from 'https://cache.nixos.org'...
copying path '/nix/store/fsbxillsyjlzz9h0m94gcy7q17w5nhsp-cpio-2.12' from 'https://cache.nixos.org'...
copying path '/nix/store/m69f3sw6cn6li1f28dqfb2w1v4ma4il1-cracklib-2.9.6' from 'https://cache.nixos.org'...
copying path '/nix/store/m5vjmp078398avxasqm5msxvxb9zbcqj-curl-7.62.0-bin' from 'https://cache.nixos.org'...
copying path '/nix/store/pb8pjxsxhijwq4z7lzavyhzh1132mjb4-curl-7.62.0-man' from 'https://cache.nixos.org'...
copying path '/nix/store/7g75dnnn7wvidc1fz2h59rw3n5kl7h93-db-4.8.30' from 'https://cache.nixos.org'...
copying path '/nix/store/lx4vlsk980xmkzzdkx81iym0h76qaf9x-db-5.3.28' from 'https://cache.nixos.org'...
copying path '/nix/store/02pwwwk7rq27ix4d4k8mnjbpl7k4fx1f-diffutils-3.6' from 'https://cache.nixos.org'...
copying path '/nix/store/gzd9n8frkdi6na0yxygbsxyy1xsld0pn-cyrus-sasl-2.1.26' from 'https://cache.nixos.org'...
copying path '/nix/store/dr5rxrhfa2y7hb2a5y1p2c7qn7i1hpg4-diffutils-3.6-info' from 'https://cache.nixos.org'...
copying path '/nix/store/8j18i29228xvq742hyd7l98j15k9fh41-dns-root-data-2017-10-24' from 'https://cache.nixos.org'...
copying path '/nix/store/yqwlj4db3zsln2d1xwqmw6ks8mjp28nw-dosfstools-4.1' from 'https://cache.nixos.org'...
copying path '/nix/store/cg6a0aw3ypbajmdqja32wx7qnalhbnik-dvp-1.2.1' from 'https://cache.nixos.org'...
copying path '/nix/store/lvlkz6bij125acns532c93msnvakzwir-ed-1.14.2' from 'https://cache.nixos.org'...
copying path '/nix/store/slf861bcgjgqlgkbs1d1636wj933s9jp-expand-response-params' from 'https://cache.nixos.org'...
copying path '/nix/store/js97q6pvzh5cqaz4gigfrsln2bl5qixj-expat-2.2.6' from 'https://cache.nixos.org'...
copying path '/nix/store/zkaxqcg10i032366mr4871bpa2m3d0im-extra-utils' from 'https://cache.nixos.org'...
copying path '/nix/store/ig4b08pgkac0230mwplf7bz9pys28kkd-fc-10-antialias.conf' from 'https://cache.nixos.org'...
copying path '/nix/store/sgzfkfkyq879k7s4z3qxprqx7kn78w0g-fc-10-hinting.conf' from 'https://cache.nixos.org'...
copying path '/nix/store/l785lccyawnmbnfaff5g43qqlzswl891-fc-10-subpixel.conf' from 'https://cache.nixos.org'...
copying path '/nix/store/kcwh68ds6c5zwwzxcsrzljn5qw3fj031-fc-52-nixos-default-fonts.conf' from 'https://cache.nixos.org'...
copying path '/nix/store/a2j470w15pllgyy5c7sqns0xm63pd8j6-fc-53-no-type1.conf' from 'https://cache.nixos.org'...
copying path '/nix/store/bqn1qwma1lf2fdb50662w6fmjphd0777-fc-cache' from 'https://cache.nixos.org'...
copying path '/nix/store/sz7g3ymjf24fqcxdaqwpy5d98lbama1p-fc-cache' from 'https://cache.nixos.org'...
copying path '/nix/store/mdv03cl5zajxzv7dffrhxvdssx536j1h-fc-00-nixos-cache.conf' from 'https://cache.nixos.org'...
copying path '/nix/store/6grzps6c8plinp4agy8pm6ri5rgyxnbz-fc-00-nixos-cache.conf' from 'https://cache.nixos.org'...
copying path '/nix/store/m0kzg1p6d2lmg1r784c4niq68js0ll1r-findutils-4.6.0' from 'https://cache.nixos.org'...
copying path '/nix/store/xh4flc1d6yphjapg3l7sf6x2kpyg795p-fontconfig-2.12.6' from 'https://cache.nixos.org'...
copying path '/nix/store/iwpxnqk9kfap6h1mafbahdxgffz977dw-findutils-4.6.0-info' from 'https://cache.nixos.org'...
copying path '/nix/store/d31fibbm3qdgv3xgxf5ivdd4ifsmfqms-fonts.conf' from 'https://cache.nixos.org'...
copying path '/nix/store/24bgzry3livnn3sfhfzljy1z8kg92p4y-fribidi-1.0.5' from 'https://cache.nixos.org'...
copying path '/nix/store/js5qrqq2yh1zjyhb3awd8nwszsa8fhsa-font-penultimate-conf' from 'https://cache.nixos.org'...
copying path '/nix/store/rzgr9z37wz5nvaby1bcdxyz3n04hrg83-gawk-4.2.1' from 'https://cache.nixos.org'...
copying path '/nix/store/3crsnygy170jaqb5dqzk8s5mg06ld868-fontconfig-etc' from 'https://cache.nixos.org'...
copying path '/nix/store/ks3p8gf3a3jshrakc2z3cdw0yn19md0f-gawk-4.2.1-info' from 'https://cache.nixos.org'...
copying path '/nix/store/px1vxfhxhsbb51irhz2jw2cz81y2pgw1-gawk-4.2.1-man' from 'https://cache.nixos.org'...
copying path '/nix/store/azq056pp4c95qmhg0qs4r85dzkcnlsqi-glibc-2.27-bin' from 'https://cache.nixos.org'...
copying path '/nix/store/y1q8fsv85spqby297hylrhv233adk6zr-glibc-locales-2.27' from 'https://cache.nixos.org'...
copying path '/nix/store/z32qmn7rc604wabihwwz45zhm194panl-gmp-6.1.2' from 'https://cache.nixos.org'...
copying path '/nix/store/i9cpz1if6635vp1msg71pjja0crj2mpj-gnu-config-2016-12-31' from 'https://cache.nixos.org'...
copying path '/nix/store/mzpbxjn9n0zm0f6d9sicprbywc9pp4s5-gnumake-4.2.1' from 'https://cache.nixos.org'...
copying path '/nix/store/xq5i2mfgblpqadbbbx671hmsvn3h44bn-gnused-4.5' from 'https://cache.nixos.org'...
copying path '/nix/store/q966vbll7wjrzpsjjk9wn9vkf3nx9aln-gnused-4.5-info' from 'https://cache.nixos.org'...
copying path '/nix/store/xvz23g0g661z8ywkkpp308bbiawyn548-gnutar-1.30-info' from 'https://cache.nixos.org'...
copying path '/nix/store/4391kgfzsrd8xhfa9ibajz2p2jfrqiw5-graphite2-1.3.6' from 'https://cache.nixos.org'...
copying path '/nix/store/bn23jc1v6g1gx31y28wa5skxgw7g3mrg-groff-1.22.3' from 'https://cache.nixos.org'...
copying path '/nix/store/w21n3m3vhcjnv2abxms8b4xhjv76crn1-gzip-1.9-info' from 'https://cache.nixos.org'...
copying path '/nix/store/g98phcs67da7d1h0bdg0h9b3c1yv0a31-gzip-1.9-man' from 'https://cache.nixos.org'...
copying path '/nix/store/h66rkyliwvrzff4hsd10bsl4grri87qh-hook' from 'https://cache.nixos.org'...
copying path '/nix/store/yzfwmssgpkff21f4xcnk2m8vav6nwlah-iana-etc-20180905' from 'https://cache.nixos.org'...
copying path '/nix/store/b2gbw9ic94wiwv1sfbagkgqyhmw0d61g-icu4c-59.1' from 'https://cache.nixos.org'...
copying path '/nix/store/gzlrl5vb8lsbkc525if54d4s7xfaqhr9-initrd-kmod-blacklist-ubuntu' from 'https://cache.nixos.org'...
copying path '/nix/store/f08nrz4arb03hn3yg320zhbzhba4ifs4-json-c-0.13.1' from 'https://cache.nixos.org'...
copying path '/nix/store/s8przgrwhgp4xgsxip5l043j5il7ackn-kexec-tools-2.0.17' from 'https://cache.nixos.org'...
copying path '/nix/store/v6safcj1rg1mnyrmbkzh2lrk488xkycx-keymap' from 'https://cache.nixos.org'...
copying path '/nix/store/i9wpfi31l32jxp922bxz2zgcz0yabadk-kmod-25' from 'https://cache.nixos.org'...
copying path '/nix/store/3l2xcnw82c8jn6xvxxhfm23ql4i02fya-kmod-debian-aliases-22-1.1.conf' from 'https://cache.nixos.org'...
copying path '/nix/store/ah68v0mh9g7lfayf1047jzy1xxzfpk00-libICE-1.0.9' from 'https://cache.nixos.org'...
copying path '/nix/store/dnnc41p4jzqdkbn9j7d1afbdzqniz7r1-libXau-1.0.8' from 'https://cache.nixos.org'...
copying path '/nix/store/6lvd0m0wfzj5w7k4lj0dxccfd3a6pl63-libXdmcp-1.1.2' from 'https://cache.nixos.org'...
copying path '/nix/store/5a3mwhrc3yi988ijbishlybgrj3f8sbn-libaio-0.3.110' from 'https://cache.nixos.org'...
copying path '/nix/store/1gxkz5ddw9adgdpd01q2k5aq7rlf7d57-libapparmor-2.12.0' from 'https://cache.nixos.org'...
copying path '/nix/store/z5h1w2rm9p6savqdi2m5i127wknbmi00-libcap-2.25-lib' from 'https://cache.nixos.org'...
copying path '/nix/store/8grwji6c0qrsqanxv5vs3l2lkk21frqa-libcap-ng-0.7.9' from 'https://cache.nixos.org'...
copying path '/nix/store/qgp57l14lngz195sx26hkz2hr1lp2i97-libcap-2.25' from 'https://cache.nixos.org'...
copying path '/nix/store/hl009j4rznijy7sdmsspypc148km882d-libdaemon-0.14' from 'https://cache.nixos.org'...
copying path '/nix/store/984c0rfg8wgffqq96h9zlzh5ff781j2m-libcap-2.25-doc' from 'https://cache.nixos.org'...
copying path '/nix/store/7ws9hmibmi9f8klaj2q2zs7pvqanzfsj-libcap-2.25-man' from 'https://cache.nixos.org'...
copying path '/nix/store/1km31hvsyiwggvhi455nvkyvvqajm60v-libelf-0.8.13' from 'https://cache.nixos.org'...
copying path '/nix/store/hn2r88xr42c0j5804yw103izak2dvgpn-libevent-2.1.8' from 'https://cache.nixos.org'...
copying path '/nix/store/zc56s1l7rwj52r9ai933rr0k0flf2rck-libffi-3.2.1' from 'https://cache.nixos.org'...
copying path '/nix/store/8s38h50pg5r0gg67hjqrqiqb0nviiaw9-libgpg-error-1.28' from 'https://cache.nixos.org'...
copying path '/nix/store/8xvc4prsxrxk4ffb56wqhdbx0kmna4kj-libjpeg-turbo-1.5.3' from 'https://cache.nixos.org'...
copying path '/nix/store/y32yl4z6j4103hqv42inhfdi6vj7qf06-libassuan-2.5.1' from 'https://cache.nixos.org'...
copying path '/nix/store/m1jqvcfxv7bywcxq4l2k0h7qwchl8vp3-jasper-2.0.14' from 'https://cache.nixos.org'...
copying path '/nix/store/mvm084rd24v2g0qb37x5hhz0gsb4bw12-libgcrypt-1.8.3' from 'https://cache.nixos.org'...
copying path '/nix/store/wqpmc1pva8rsnwk3l9xs0f18vqlhvhcx-libksba-1.3.5' from 'https://cache.nixos.org'...
copying path '/nix/store/9c6ap6fyz9c82gd2w54s244grsd9qyqn-libmnl-1.0.4' from 'https://cache.nixos.org'...
copying path '/nix/store/s3c1s36zrxjpc3wgd9snggq46w7wcs3y-libndctl-61.2-man' from 'https://cache.nixos.org'...
copying path '/nix/store/2bwi08i94gmzglvsyii9arz0yqakfr6z-libnfnetlink-1.0.1' from 'https://cache.nixos.org'...
copying path '/nix/store/m2jb11b5whrvk7fg6y7ms13nl99k21y5-libnftnl-1.1.1' from 'https://cache.nixos.org'...
copying path '/nix/store/06mwz2kzgpzxhx3zpq1fniv39axwpbwc-libnetfilter_conntrack-1.0.7' from 'https://cache.nixos.org'...
copying path '/nix/store/yj29jdjn6hklm254plbvwpci906db2wd-libpipeline-1.5.0' from 'https://cache.nixos.org'...
copying path '/nix/store/9i6w598azqd488w0n8cff9ly8s4vamc9-iptables-1.6.2' from 'https://cache.nixos.org'...
copying path '/nix/store/n94fz11n7swibfll6pjsbgfxnrff7m4j-libpng-apng-1.6.35' from 'https://cache.nixos.org'...
copying path '/nix/store/5hib4yglddq4ij3nwpydz7q8siy63gvj-iproute2-4.18.0' from 'https://cache.nixos.org'...
copying path '/nix/store/fcqfpfh1mw6lfgma5kawqsay8fs1111b-freetype-2.9' from 'https://cache.nixos.org'...
copying path '/nix/store/gcidjfwj09dsdm3r0ks8674p8r0s1knc-libressl-2.7.4' from 'https://cache.nixos.org'...
copying path '/nix/store/z94xahpdvadb6f2nfb8nvk7pzzaxd1d1-fontconfig-2.12.6-lib' from 'https://cache.nixos.org'...
copying path '/nix/store/s7kqm3smlx5479x8sa2f06qr9j4x6ndj-libressl-2.7.4-man' from 'https://cache.nixos.org'...
copying path '/nix/store/cwk350z0ysg9ficg2qbq6w682jy5qi52-fontconfig-2.12.6-bin' from 'https://cache.nixos.org'...
copying path '/nix/store/qy2i9qlr4mkvkks3qw64gqb7dgdxaz8w-libressl-2.7.4-nc' from 'https://cache.nixos.org'...
copying path '/nix/store/kmaa744jfnvihdwb61ksy537pwapihk8-libtasn1-4.13' from 'https://cache.nixos.org'...
copying path '/nix/store/5pxkn2i0pxhh7csvwn7z0gg01j68f392-libtiff-4.0.10' from 'https://cache.nixos.org'...
copying path '/nix/store/sj4nwzrff7k1y7pza4ddwklyj9vqillx-libtool-2.4.6-lib' from 'https://cache.nixos.org'...
copying path '/nix/store/8p7j96c0kq11263jk8fvbf87qhf9qbwh-libunistring-0.9.10' from 'https://cache.nixos.org'...
copying path '/nix/store/nx3fizig2fn3j5w2nac00d5dbb4ndrgb-libunwind-1.2.1' from 'https://cache.nixos.org'...
copying path '/nix/store/6mdwgm257f8pfbzzhqn7jacl02bk5s1s-libidn2-2.0.5' from 'https://cache.nixos.org'...
copying path '/nix/store/fi8cq4c4ccmpl40plkx0nl9ryhh36fgl-libxcb-1.12' from 'https://cache.nixos.org'...
copying path '/nix/store/9448kdi15aicf4i6xb5dpq7fhq6c5v63-libxml2-2.9.8' from 'https://cache.nixos.org'...
copying path '/nix/store/bbcwmyrzfmsp0wscj1bmb6vwq6ncv8zh-libX11-1.6.6' from 'https://cache.nixos.org'...
copying path '/nix/store/014qbwlzhlr5236zs4yzp8x412fdbqjb-bind-9.12.2-lib' from 'https://cache.nixos.org'...
copying path '/nix/store/d4vw1an1ms8386cjjhvs01gylazxlzqd-libXcomposite-0.4.4' from 'https://cache.nixos.org'...
copying path '/nix/store/hmn8nrzfv5dchinnbz33z77q935my3ba-bind-9.12.2-host' from 'https://cache.nixos.org'...
copying path '/nix/store/198sfjc9pdg4nm0l92andbb5pgkcb0cg-libXext-1.3.3' from 'https://cache.nixos.org'...
copying path '/nix/store/37xg162f7k8g460br61d7fcvirr8vs6h-libXfixes-5.0.3' from 'https://cache.nixos.org'...
copying path '/nix/store/2mm5zgdcqzfqc7bf6ksi358pfmyj9nw6-libXi-1.7.9' from 'https://cache.nixos.org'...
copying path '/nix/store/4z27iw47mxmdq4qfmv9gd2va5xz2xida-libXinerama-1.1.3' from 'https://cache.nixos.org'...
copying path '/nix/store/pi995xwy8m5gdrfx5pvg9zawx8kmhy45-libXrender-0.9.10' from 'https://cache.nixos.org'...
copying path '/nix/store/zqwgnw35jm905fmpjvrflnpk716gbbl2-libglvnd-1.0.0' from 'https://cache.nixos.org'...
copying path '/nix/store/pfyq8325i0p5q7dcgrxkzh6q1719g5i2-libXcursor-1.1.15' from 'https://cache.nixos.org'...
copying path '/nix/store/n70zx5n7x33lyww10rf5gh3qr7zxdsm1-libXft-2.3.2' from 'https://cache.nixos.org'...
copying path '/nix/store/ab9s9r6iqah8rqj7s06sw3dj9m0hrgdp-libXrandr-1.5.1' from 'https://cache.nixos.org'...
copying path '/nix/store/gxc4scixprzb5p750i12fg4wfc5m3fkr-libxslt-1.1.32' from 'https://cache.nixos.org'...
copying path '/nix/store/wlnlnn6c0w1h0nrqhfrf6ddvb04jn5yv-libyaml-0.2.1' from 'https://cache.nixos.org'...
copying path '/nix/store/bghdbhsr9j8ar78ycl5pcv8ysb6kg10r-libxslt-1.1.32-bin' from 'https://cache.nixos.org'...
copying path '/nix/store/4crqfy09kz3yp7d3azs7i370vl2qkpf2-linux-4.19.12' from 'https://cache.nixos.org'...
copying path '/nix/store/wpvizdd6ph42arh7l18c9pjc571z73q9-linux-headers-4.15' from 'https://cache.nixos.org'...
copying path '/nix/store/g58yzl7y4d7c1vqm5il68dh7mw2bc3nn-kernel-modules' from 'https://cache.nixos.org'...
copying path '/nix/store/b3dwplnr9m56kmjj13dw15jkrf19id0i-glibc-2.27-dev' from 'https://cache.nixos.org'...
copying path '/nix/store/p8ply1849fd8nqa4qxvmm4lbl2rkbmls-linux-pam-1.3.0' from 'https://cache.nixos.org'...
copying path '/nix/store/5mmknsnhnwgp79py10rrha5402fv9nnz-binutils-wrapper-2.30' from 'https://cache.nixos.org'...
copying path '/nix/store/41hkisrvnqy4fcn4zf92r1krd69s93n0-gcc-7.3.0' from 'https://cache.nixos.org'...
copying path '/nix/store/fg69vm7g4sprcd5i3q45086x9iv87wma-kbd-2.0.4' from 'https://cache.nixos.org'...
copying path '/nix/store/g035cd6ay7cmdh47nx0jwx2ym5k2zag8-linux-pam-1.3.0-doc' from 'https://cache.nixos.org'...
copying path '/nix/store/57lycfif1a3acs4qs8maj1370dxaqw61-linux-pam-1.3.0-man' from 'https://cache.nixos.org'...
copying path '/nix/store/cvm1ynifaznbrwaxzm63yagvx2nh6glp-lndir-1.0.3' from 'https://cache.nixos.org'...
copying path '/nix/store/z3bsa2rar67rk9b9n7ybnbbd2ds2kbqk-lz4-1.8.3' from 'https://cache.nixos.org'...
copying path '/nix/store/0kpb0ch56pndz85wjpzh6xz7k1wfy230-lzo-2.10' from 'https://cache.nixos.org'...
copying path '/nix/store/gdhq5i6rfmx0g5rgm3q95g7y5hs29jm4-man-db-2.7.5' from 'https://cache.nixos.org'...
copying path '/nix/store/ll4mnznh40kyx5br4wcrv1bs29gj1rml-man-db-2.7.5-doc' from 'https://cache.nixos.org'...
copying path '/nix/store/hq3y3qdy051i0lfy9vyyyd8ks723mkzq-mpfr-4.0.1' from 'https://cache.nixos.org'...
copying path '/nix/store/js2rrxj4hslzkg6fky123q2awcfpks7n-nano-3.1-info' from 'https://cache.nixos.org'...
copying path '/nix/store/0ahbg07mlrm1aaaw1cxqvnjg8cck37pv-ncurses-6.1-20181027' from 'https://cache.nixos.org'...
copying path '/nix/store/lwrba4w4igw3jw7bg8p9jinsm05anard-ncurses-6.1-20181027-man' from 'https://cache.nixos.org'...
copying path '/nix/store/hqlg7z2bz2lyzlyw686f3ls1v1rnmh03-less-530' from 'https://cache.nixos.org'...
copying path '/nix/store/kd4ax9v7ifkxnr5qvgvjnl0hak386wnj-libedit-20180525-3.1' from 'https://cache.nixos.org'...
copying path '/nix/store/286xnfyq7nrnj3a8nh9zdg0az0xd7g53-nano-3.1' from 'https://cache.nixos.org'...
copying path '/nix/store/jk51fmj7nphjpph6ax62plvjqphrpc51-neo-2476' from 'https://cache.nixos.org'...
copying path '/nix/store/vj2khi3d7lrm8w8adrw94lwx8mcnz8fw-net-tools-1.60_p20170221182432' from 'https://cache.nixos.org'...
copying path '/nix/store/c61x81a9b1pjgyqz4ixijrschiyn9k68-kbd-env' from 'https://cache.nixos.org'...
copying path '/nix/store/bp00hkphxhpprzwchb6jkkyhvpfkl725-nettle-3.4.1' from 'https://cache.nixos.org'...
copying path '/nix/store/l8b1a3cl7pwpyfr4j60d70q783fcxcfi-nix-2.1.3-doc' from 'https://cache.nixos.org'...
copying path '/nix/store/j3sxsh8mi905ydn3hq32gqmfcf5bljmb-iputils-20180629' from 'https://cache.nixos.org'...
copying path '/nix/store/nhah9h1g3gn52iwd9172p8pyn40ap86x-nix-bash-completions-0.6.7' from 'https://cache.nixos.org'...
copying path '/nix/store/446gz0rs5a1srdi28w3yj3qhrr7jdijb-nix.conf' from 'https://cache.nixos.org'...
copying path '/nix/store/n9ns6b3mw6gavl5bjl71k83wmwh7a0z9-nixos-build-vms' from 'https://cache.nixos.org'...
copying path '/nix/store/8wfq77ls24yx8h0as1l6kr5djymfv13z-nixos-enter' from 'https://cache.nixos.org'...
copying path '/nix/store/hj8lkhn2m1z45417kphyqphs08pmlkwm-nixos-option' from 'https://cache.nixos.org'...
copying path '/nix/store/1j3hsdyjclfs4wvwfvplrrw505q6aka7-nixos-install' from 'https://cache.nixos.org'...
copying path '/nix/store/rspk261mw720zw30pkbg75d1q5hh0csw-npth-1.6' from 'https://cache.nixos.org'...
copying path '/nix/store/zs14kdvy7xglm2vza7k41wsigpyjb7qd-nspr-4.19' from 'https://cache.nixos.org'...
copying path '/nix/store/ii0p4hrcf6x903y9z58cr3njr0jspdv2-openldap-2.4.46' from 'https://cache.nixos.org'...
copying path '/nix/store/709hakznpmgnggmp8w5ri0790ansah5q-nspr-4.19-dev' from 'https://cache.nixos.org'...
copying path '/nix/store/vdl68cy8vrnq61698733qra6nwsjlljf-nss-3.40.1' from 'https://cache.nixos.org'...
copying path '/nix/store/541zis1nb2b3mpvizhcmbzn8vgi9dnxs-openresolv-3.9.0' from 'https://cache.nixos.org'...
copying path '/nix/store/0rxfq3yfx18lxpj3wcgbv062ip50dh8k-openssh-7.7p1' from 'https://cache.nixos.org'...
copying path '/nix/store/yl5yy5nl3yznwdvvwy03jfagj9v84sci-p11-kit-0.23.13' from 'https://cache.nixos.org'...
copying path '/nix/store/j12j8kz4ljx2xjys0f7szjsbvm0fwl7m-patch-2.7.6' from 'https://cache.nixos.org'...
copying path '/nix/store/jrm3k3l4q8smriip3zfg7kmz4vi8f4pk-patchelf-0.9' from 'https://cache.nixos.org'...
copying path '/nix/store/chivsf7jccpir2c4gcw063kfia3cg0ap-paxctl-0.9' from 'https://cache.nixos.org'...
copying path '/nix/store/yjdyc4kghw6b790mwq7lv2vx2pv84lpj-pcre-8.42' from 'https://cache.nixos.org'...
copying path '/nix/store/1ks31bqjaswjgpnmv6z1ks18337kj5n0-pcre2-10.31' from 'https://cache.nixos.org'...
copying path '/nix/store/y14kzdws82dbkyssnynpm25dlk4pdksm-gnugrep-3.1' from 'https://cache.nixos.org'...
copying path '/nix/store/jq1wbnk7q657dm5l3bg3clrsvh6w1kk3-libbytesize-1.4' from 'https://cache.nixos.org'...
copying path '/nix/store/dy087844n8942c53xvmq9by9j1fqdn6m-extlinux-conf-builder.sh' from 'https://cache.nixos.org'...
copying path '/nix/store/kq79dmbjzaslwmk7bpgv0bi5h8ldghsw-gcc-wrapper-7.3.0' from 'https://cache.nixos.org'...
copying path '/nix/store/zl2qh535f76wagx8dxk3wjnvwrvxrjly-gnugrep-3.1-info' from 'https://cache.nixos.org'...
copying path '/nix/store/74q7cik24wlmm0bc0jgq4lk4cp2gmcm3-kmod-blacklist-22-1.1ubuntu1' from 'https://cache.nixos.org'...
copying path '/nix/store/zmha87b7h3gjqqrd33zhv37rp8lksamq-libselinux-2.7' from 'https://cache.nixos.org'...
copying path '/nix/store/r7i8yc86z2zmanqy8v73l8ywars19qhx-nix-info' from 'https://cache.nixos.org'...
copying path '/nix/store/nv6gzb9kdgz9j40m1pbid9z1fnj181zc-perl-5.28.1' from 'https://cache.nixos.org'...
copying path '/nix/store/h72jiv15ssxcxxm6034fabvx3q10wqhn-perl5.28.1-Encode-Locale-1.05' from 'https://cache.nixos.org'...
copying path '/nix/store/5djbi3k2nw5ypn28f19c9fkansb58fs5-nuke-references' from 'https://cache.nixos.org'...
copying path '/nix/store/5cwwlfvjdn6wfls0y4xhc7riyw8ynd32-perl-5.28.1-man' from 'https://cache.nixos.org'...
copying path '/nix/store/z8zm0q37vhakxa5srd1pgwp77dg5kdmp-perl5.28.1-DBI-1.641' from 'https://cache.nixos.org'...
copying path '/nix/store/ysnvsrn3wqib0757shqg9823pvm6hv9m-perl5.28.1-File-Slurp-9999.19' from 'https://cache.nixos.org'...
copying path '/nix/store/bdzpv7x9qnq65dvl6dwr65w4y5m9mr0h-perl5.28.1-DBD-SQLite-1.58' from 'https://cache.nixos.org'...
copying path '/nix/store/sii2zpm50ik2411fwqdjx83ipj4wazpx-nixos-generate-config' from 'https://cache.nixos.org'...
copying path '/nix/store/8867dyvavfwyyjf5m49yknxkacw4jb92-perl5.28.1-HTML-Tagset-3.20' from 'https://cache.nixos.org'...
copying path '/nix/store/f62gxy8czkc2c4zx0fafmvw9wm5y7q3n-perl5.28.1-HTTP-Date-6.02' from 'https://cache.nixos.org'...
copying path '/nix/store/012pw2zwbji0njnrgnzgxvm0m7gs35jz-perl5.28.1-HTML-Parser-3.72' from 'https://cache.nixos.org'...
copying path '/nix/store/66cmr1wf61j5gk85vnh8zx4lbj7q5blg-perl5.28.1-File-Listing-6.04' from 'https://cache.nixos.org'...
copying path '/nix/store/66zd4arf2i6qgbhpbddv0wkf839j3c4j-perl5.28.1-IO-HTML-1.001' from 'https://cache.nixos.org'...
copying path '/nix/store/pi21wq864h5nrvwmmyv7ld3q98bq7wv5-perl5.28.1-JSON-2.97001' from 'https://cache.nixos.org'...
copying path '/nix/store/73gl19cshsfhd3rm6bfhbp4xm5smmk1f-perl5.28.1-LWP-MediaTypes-6.02' from 'https://cache.nixos.org'...
copying path '/nix/store/w1llhilzm597k4pg28cbs4r45bl992cl-perl5.28.1-String-ShellQuote-1.04' from 'https://cache.nixos.org'...
copying path '/nix/store/x979awfvh81pfrl72mxgm73z2a514rli-perl5.28.1-Test-Needs-0.002005' from 'https://cache.nixos.org'...
copying path '/nix/store/qmrg93gfdx2ln89iaqwckblfy20k5pmm-command-not-found' from 'https://cache.nixos.org'...
copying path '/nix/store/28ns9h3jacvmzavx77imh6nmrgm2lwnr-perl5.28.1-Test-RequiresInternet-0.05' from 'https://cache.nixos.org'...
copying path '/nix/store/6klchadpzgmjkld2j967wpxjrbfgy04p-perl5.28.1-Try-Tiny-0.30' from 'https://cache.nixos.org'...
copying path '/nix/store/r8xiw1xhlcv19xcdwhiqsnq5z9qcb9zk-perl5.28.1-URI-1.74' from 'https://cache.nixos.org'...
copying path '/nix/store/mrzgsqpkrk38fyrndx18r9np1kyrcas8-perl5.28.1-Test-Fatal-0.014' from 'https://cache.nixos.org'...
copying path '/nix/store/j98ng5yf5lz6ay10pk3x8247446z6pki-perl5.28.1-HTTP-Message-6.18' from 'https://cache.nixos.org'...
copying path '/nix/store/dccs2a4xpwqdm9cc7svl2a0pjp0rwg1l-perl5.28.1-Net-HTTP-6.18' from 'https://cache.nixos.org'...
copying path '/nix/store/1lsh6v8v259jbmxxbffxdbp59qm1dzwx-perl5.28.1-HTTP-Cookies-6.04' from 'https://cache.nixos.org'...
copying path '/nix/store/binn8y7lyqx5xqmn0g169qk91fw9902l-perl5.28.1-HTTP-Daemon-6.01' from 'https://cache.nixos.org'...
copying path '/nix/store/nvfhjrc407ndhf90l75qd4gn9nmvwn3h-perl5.28.1-HTTP-Negotiate-6.01' from 'https://cache.nixos.org'...
copying path '/nix/store/2g5f5ljmhk44cmxq4p9jggsn3c6w3lib-perl5.28.1-WWW-RobotRules-6.02' from 'https://cache.nixos.org'...
^[[Ccopying path '/nix/store/wi56mkyx4n88mwavdxvsnra6b3pskzgi-pixman-0.34.0' from 'https://cache.nixos.org'...
copying path '/nix/store/hx45kbdmv3jqyla7wcilqflvvlhy9nxq-perl5.28.1-libwww-perl-6.35' from 'https://cache.nixos.org'...
copying path '/nix/store/l99zyli5fgwiaah7rmaf9jpax2wfvksa-popt-1.16' from 'https://cache.nixos.org'...
copying path '/nix/store/r28p3w1gdir155gj56ic4kdp9ifzr883-perl5.28.1-XML-Parser-2.44' from 'https://cache.nixos.org'...
copying path '/nix/store/sksjq353f0hr363602qc82rgnabcr0v8-procps-3.3.15' from 'https://cache.nixos.org'...
copying path '/nix/store/8jmqniqy7xv13z0wyia06sq06bgyvgg3-perl5.28.1-XML-Twig-3.52' from 'https://cache.nixos.org'...
copying path '/nix/store/04zm6yflf1spzq8z72bgawj8n3v13758-raspberrypi-tools-2018-02-05' from 'https://cache.nixos.org'...
copying path '/nix/store/hyvgrglyvxjis039pi0jq7pjic23ygj6-readline-6.3p08' from 'https://cache.nixos.org'...
copying path '/nix/store/n72y8z0x4qvdjdlwkxcvbqf5ajgfbns1-readline-7.0p5' from 'https://cache.nixos.org'...
copying path '/nix/store/4n92dkbi6xraz7icia6mrq8a5d8rk5pd-rng-tools-5' from 'https://cache.nixos.org'...
copying path '/nix/store/5pak4j7h64acnv5zid19b5cn42mmjwgq-bash-interactive-4.4-p23' from 'https://cache.nixos.org'...
copying path '/nix/store/378688g9c4i54irjsvlilv8qdy2hvzss-rsync-3.1.3' from 'https://cache.nixos.org'...
copying path '/nix/store/k0kifv910f7fpb1xhzdqlviqllr6wzvb-bash-interactive-4.4-p23-doc' from 'https://cache.nixos.org'...
copying path '/nix/store/vrvk5050y8pj6fd9hhl32adkah6i60rp-bash-interactive-4.4-p23-info' from 'https://cache.nixos.org'...
copying path '/nix/store/jk34gdjj7l8v2a7ivqd7f3l5a9cr1snb-bash-interactive-4.4-p23-man' from 'https://cache.nixos.org'...
copying path '/nix/store/ps9z52hnf5nhdxgd4vv0vcv42kva89j4-security-wrapper' from 'https://cache.nixos.org'...
copying path '/nix/store/s5h8l02wi9s4r32kgjvrmia8r1hznmrw-sendmail-script' from 'https://cache.nixos.org'...
copying path '/nix/store/yvf1vnx6jwn9wzh3sjdgr2d670j0zpdg-shadow-4.6' from 'https://cache.nixos.org'...
copying path '/nix/store/pcbm7ypgqgrbn0lmlmgl04n2pbwfhdyx-mdadm-4.0' from 'https://cache.nixos.org'...
copying path '/nix/store/biqyj76gqh307wyn72h65r5jj0msckc1-shadow-4.6-su' from 'https://cache.nixos.org'...
copying path '/nix/store/hknghxjpk453kqbhp8zrxnk2jyx9rfkz-spidermonkey-52.9.0' from 'https://cache.nixos.org'...
copying path '/nix/store/cgb1vrgx2awrg53lc11krw5cc55saip9-shadow-4.6-man' from 'https://cache.nixos.org'...
copying path '/nix/store/32d3lqc84djdkwkqs62xnjvzvmrcd0y2-stdenv-linux' from 'https://cache.nixos.org'...
copying path '/nix/store/qyzn41025lbm383fq0vhnxf4khksa6dd-stdenv-linux' from 'https://cache.nixos.org'...
copying path '/nix/store/v74mnbcg0hg3lwsbjy9zspcbc7ikshxf-strace-4.24' from 'https://cache.nixos.org'...
copying path '/nix/store/vbszhgv6pcxilz7k3z7jxpbwawgqb78b-sudo-1.8.24' from 'https://cache.nixos.org'...
copying path '/nix/store/fs1ib0psxv3z5k45l7195fn94l5h5g8m-sudoers' from 'https://cache.nixos.org'...
copying path '/nix/store/jvq5swaz3k80lrqy0vdl6d2w143m7zkk-system-generators' from 'https://cache.nixos.org'...
copying path '/nix/store/mki7gpbvl0zrab5hk0j65bh2n8fa3lnq-texinfo-6.5' from 'https://cache.nixos.org'...
copying path '/nix/store/bav2nl2bx0havci01a1kw6lmkxlv9cn6-texinfo-interactive-6.5' from 'https://cache.nixos.org'...
copying path '/nix/store/sk75ykkpq6ahnyyh0wxv2s4k1jrwdy0g-thin-provisioning-tools-0.7.6' from 'https://cache.nixos.org'...
copying path '/nix/store/1m6mfnqh3rf8is20lmylks9llici3h52-time-1.9' from 'https://cache.nixos.org'...
copying path '/nix/store/pag0ppa1gw5q0g7kc61c50vmmpjk2gmn-tzdata-2018g' from 'https://cache.nixos.org'...
copying path '/nix/store/997rjh50lj1dclb7mpp9zvn6makcsss9-udev-rules' from 'https://cache.nixos.org'...
copying path '/nix/store/kclv8p6kj95qy5fv3l80f9a8qcndgwgs-udisks-2.8.1-man' from 'https://cache.nixos.org'...
copying path '/nix/store/b5myd0lqivqix380z7d6j83cfh5w0ys0-unbound-1.7.3-lib' from 'https://cache.nixos.org'...
copying path '/nix/store/11spv37xcwp2dy0lv1d58x4zzfk43v72-util-linux-2.32.1' from 'https://cache.nixos.org'...
copying path '/nix/store/bhz66907127wwm0vb2h3fy54c2dldvnf-gnutls-3.6.2' from 'https://cache.nixos.org'...
copying path '/nix/store/2qh5cnbvw9cx14qll4v2556j3h0qclwn-bcache-tools-1.0.7' from 'https://cache.nixos.org'...
copying path '/nix/store/py65m5xivqbcg59188wnna601hmyqclv-libmicrohttpd-0.9.59' from 'https://cache.nixos.org'...
copying path '/nix/store/5w30f11hyp4sn2lqhby76278baafq2ba-util-linux-2.32.1' from 'https://cache.nixos.org'...
copying path '/nix/store/dssgkiz2ds348qymp7kv1fh4hkjyd41d-which-2.21' from 'https://cache.nixos.org'...
copying path '/nix/store/c9qy9xsix3avnvavgj5bm4kiqh6pss80-e2fsprogs-1.44.4' from 'https://cache.nixos.org'...
copying path '/nix/store/m6lzdck7zv598063lgwz824k6lf145vl-f2fs-tools-1.11.0' from 'https://cache.nixos.org'...
copying path '/nix/store/9srjrskz96bfcgq3hpy8rw258iafgyxw-e2fsprogs-1.44.4-bin' from 'https://cache.nixos.org'...
copying path '/nix/store/y7i4d4rq6l81wcc2k684bs6hskhnbc0b-glib-2.56.0' from 'https://cache.nixos.org'...
copying path '/nix/store/bvfjvymhnvm51zl337g512sqd0mxrx4a-e2fsprogs-1.44.4-info' from 'https://cache.nixos.org'...
copying path '/nix/store/gwf19ix85pwp74fw36j07v4l72fpnhl8-atk-2.28.1' from 'https://cache.nixos.org'...
copying path '/nix/store/b75xbp85sh7k7c3aydr529afzk6l7dqa-cairo-1.15.12' from 'https://cache.nixos.org'...
copying path '/nix/store/0nqpykq1c2dal08q4ghq6n91bazyyldq-desktop-file-utils-0.23' from 'https://cache.nixos.org'...
copying path '/nix/store/nnw3y28acr85c9wx0ipxd5km2mzxs0ib-e2fsprogs-1.44.4-man' from 'https://cache.nixos.org'...
copying path '/nix/store/q4mbs2gfsq3w2dzklww9zxd861x0zcm7-gdk-pixbuf-2.36.12' from 'https://cache.nixos.org'...
copying path '/nix/store/6cbv6irxgnn0c08hnpqz75i9w0ahixdc-harfbuzz-1.8.8' from 'https://cache.nixos.org'...
copying path '/nix/store/w0hxcfrim2zdyckx6bbpfjillxlhzbpl-libSM-1.2.2' from 'https://cache.nixos.org'...
copying path '/nix/store/l1c1izk1cd3x2wfwix0w6xdfwg66fs41-libsecret-0.18.5' from 'https://cache.nixos.org'...
copying path '/nix/store/yl47lv31pl2mkrlskpnbzvy3pbjslscb-libXt-1.1.5' from 'https://cache.nixos.org'...
copying path '/nix/store/kvx5mpn34ymfxjvhi41lph04b1cq2637-nilfs-utils-2.2.7' from 'https://cache.nixos.org'...
copying path '/nix/store/dl45mn83gc3blv6iy1cz09003gmhh2bl-libXmu-1.1.2' from 'https://cache.nixos.org'...
copying path '/nix/store/6hdrlnmrqlq71hq8v79s0ps3aqsjbk67-pango-1.42.1' from 'https://cache.nixos.org'...
copying path '/nix/store/0v9wnbgn1d57wz2n1fmakqqz185p0q2g-shared-mime-info-1.10' from 'https://cache.nixos.org'...
copying path '/nix/store/3a0l5lgx9avznqnfygci7h8h4aapih6f-systemd-239-lib' from 'https://cache.nixos.org'...
copying path '/nix/store/9782ppgldqfjgxv6wc34lcsi0h1a9ppm-util-linux-2.32.1-bin' from 'https://cache.nixos.org'...
copying path '/nix/store/31npb2m4maqb6wybrm702cfn1wnqccy9-dbus-1.12.10-lib' from 'https://cache.nixos.org'...
copying path '/nix/store/59q1ab9a6m6ghqpr4vxkysx30yrlbkdr-dhcpcd-7.0.8' from 'https://cache.nixos.org'...
copying path '/nix/store/s6pxxflqksml5qgb7ag464rhqwrhk17c-avahi-0.7' from 'https://cache.nixos.org'...
copying path '/nix/store/3141b73b1d0myvh272s4xnlsq3nk6dw1-fuse-2.9.8' from 'https://cache.nixos.org'...
copying path '/nix/store/p07056fan63kv2l5wy95wx5il407xrhm-cups-2.2.6-lib' from 'https://cache.nixos.org'...
copying path '/nix/store/s7crsri1jns5nv16zjyddjr1av9wwcqk-exfat-1.2.8' from 'https://cache.nixos.org'...
copying path '/nix/store/6360l767jcb5aqiqadxk9f87vbv54vwc-fuse-3.2.6' from 'https://cache.nixos.org'...
copying path '/nix/store/2idxvs1fs3iz9l4031cj8c0iyyz386fl-gtk+-2.24.32' from 'https://cache.nixos.org'...
copying path '/nix/store/8f4qf21jzb8wlalkax3prqh86p94rz7d-libatasmart-0.19' from 'https://cache.nixos.org'...
copying path '/nix/store/qfwm5xss60ldbs2b44dax30pjk2s3skm-libgudev-232' from 'https://cache.nixos.org'...
copying path '/nix/store/sj5nvh3zxanhfpz9zypqpdyiyamsqsr6-libndctl-61.2' from 'https://cache.nixos.org'...
copying path '/nix/store/5v9l4pkp2drkmhic28nvqwwl0vw5lg58-libusb-1.0.22' from 'https://cache.nixos.org'...
copying path '/nix/store/q1xljjvqgxs8pyniqhrk8d543idhjap0-pcsclite-1.8.24-bin' from 'https://cache.nixos.org'...
copying path '/nix/store/fk6cw3hqm484a24yxf2rm9l1a1qbxzaz-perl5.28.1-Net-DBus-1.1.0' from 'https://cache.nixos.org'...
copying path '/nix/store/wgavmjfailw29y7dsg7dnnql479nlcnc-pcsclite-1.8.24' from 'https://cache.nixos.org'...
copying path '/nix/store/rk0rrmwa3yiflnbcfkqvdd01v1xqlz59-pinentry-1.1.0' from 'https://cache.nixos.org'...
copying path '/nix/store/2mhxkv07g38xa3ym5c4fyjl7sgzdlgmw-polkit-0.115' from 'https://cache.nixos.org'...
copying path '/nix/store/zcs51dr0ashpyyaghyw42587bjwyqb9f-gnupg-2.2.11' from 'https://cache.nixos.org'...
copying path '/nix/store/vzakwhjri1lap0vlwbr0vwl4jk36fmqy-polkit-0.115-bin' from 'https://cache.nixos.org'...
copying path '/nix/store/vvnlb4xgnw511zzjl9j3bxrk1nj01aid-gpgme-1.11.1' from 'https://cache.nixos.org'...
copying path '/nix/store/kfch4vbakv892y0c8ilkqaa4kjb06m3m-systemd-239' from 'https://cache.nixos.org'...
copying path '/nix/store/3gmzv6hj5b2i91x070pwv2smhyfl7lr7-util-linux-2.32.1-bin' from 'https://cache.nixos.org'...
copying path '/nix/store/csl6sm8saiifah14q5jsn6vy30w0y3kb-dbus-1.12.10' from 'https://cache.nixos.org'...
copying path '/nix/store/g8idrbqhi98lbn3lpbd91d4f7ydwzpmz-lvm2-2.02.177' from 'https://cache.nixos.org'...
copying path '/nix/store/2szr166c271w2w7qbjrlknzly9jjp97m-dbus-1.12.10-doc' from 'https://cache.nixos.org'...
copying path '/nix/store/q38ypxgp2ny9v8f03lsfdnzhnlvnm8gy-cryptsetup-2.0.6' from 'https://cache.nixos.org'...
copying path '/nix/store/zg57j1bijn5da9f352vkpx7jh8mdvncd-lvm2-2.02.177' from 'https://cache.nixos.org'...
copying path '/nix/store/zji5qwlpqbrs7dfcq59gcplklar537f3-nixos-container' from 'https://cache.nixos.org'...
copying path '/nix/store/lah3vpq0sb1n9j3s0w2mc2xfrz60cqqm-dmraid-1.0.0.rc16' from 'https://cache.nixos.org'...
copying path '/nix/store/30i8nai4hkhrmrx8nq03klx58hclip8i-ntfs3g-2017.3.23' from 'https://cache.nixos.org'...
copying path '/nix/store/f588kz5mvdkjpc502rkhjpzs7gjb220c-parted-3.2' from 'https://cache.nixos.org'...
copying path '/nix/store/5bcawmgc8ddsx3q25c8wfh54ik88zpib-systemd-239-man' from 'https://cache.nixos.org'...
copying path '/nix/store/hhlrmrnbm5hnqx1lgbfl8nafczhbx1hm-udev-path' from 'https://cache.nixos.org'...
copying path '/nix/store/kz9hbjj0hkaksa1rkl1v06l68mm7ajrs-util-linux-2.32.1-dev' from 'https://cache.nixos.org'...
copying path '/nix/store/drns25sn0sjigvpy86hjdp002rlhvw1r-util-linux-2.32.1-man' from 'https://cache.nixos.org'...
copying path '/nix/store/8211cd9d62rw9mj2lnk02k23jilyz0j9-volume_key-0.3.11' from 'https://cache.nixos.org'...
copying path '/nix/store/dzkfnhjwipacr5jnwnkhcnj19nrarnbd-xauth-1.0.10' from 'https://cache.nixos.org'...
copying path '/nix/store/7p40h8mvl9bx2g44y23zw7rsfv7d639q-libblockdev-2.19' from 'https://cache.nixos.org'...
copying path '/nix/store/scva4yg2nfws7lf1b0fld7l90jpyj07p-xfsprogs-4.14.0' from 'https://cache.nixos.org'...
copying path '/nix/store/hphinkrnmsil9rzgz8vfwycqc7r3bcv6-xz-5.2.4-doc' from 'https://cache.nixos.org'...
copying path '/nix/store/3rlghcxgsjk3agwiih2k6whqn1zcyyic-xfsprogs-4.14.0-bin' from 'https://cache.nixos.org'...
copying path '/nix/store/vip1dhbfk7aqf4d65gpm08zzp589c7aj-xz-5.2.4-man' from 'https://cache.nixos.org'...
copying path '/nix/store/z02rwwhikfvv0djrzpwnla685yk8chr4-xfsprogs-4.14.0-dev' from 'https://cache.nixos.org'...
copying path '/nix/store/571hq782m0q6rw5l5x61iwlz32inkb75-zstd-1.3.5' from 'https://cache.nixos.org'...
building '/nix/store/3nixc83vk60455ibs80shg4dkwyj875z-append-initrd-secrets.drv'...
copying path '/nix/store/k55sz26x13w3p03k5bvsz3f047zsj3p8-btrfs-progs-4.15.1' from 'https://cache.nixos.org'...
building '/nix/store/2dd91a81qp2bm1s8wsl1yk145lwd23if-audit-disable.drv'...
copying path '/nix/store/8q5ak013hjb09hg61nyzipdj3r4xsgxh-udisks-2.8.1' from 'https://cache.nixos.org'...
building '/nix/store/dqbypff4paamxgv2hp6bnk982674a77q-audit-stop.drv'...
building '/nix/store/bfpj9q3w6fbxlmzags3fq28ys0gpsz59-client.conf.drv'...
building '/nix/store/s312k5c9k9d05wisnc4c1cnrcyi658k9-container-init.drv'...
building '/nix/store/y4qr86asl4bxmh27q39s4k7wsn3248ac-dbus-catalog.xml.drv'...
building '/nix/store/1sxqz7w5lxqm7a6jd7m3ql2c4ji87ipg-dhcpcd.conf.drv'...
building '/nix/store/n9jc06qy313nxf9wr4xhspp2m3bpzzpy-dhcpcd.exit-hook.drv'...
building '/nix/store/nf7959c7q9ldglfr5p6y7b1ibabw2gs5-etc-10-nixos.rules.drv'...
building '/nix/store/nf9jml589ss8lncj3kg4plm07xvkavvn-etc-bashrc.drv'...
building '/nix/store/sr5bq6h08paarhplk9lbny408kxm90x3-etc-fstab.drv'...
building '/nix/store/m98pmi154cscy7f19yayhxy0fn0vjbvi-etc-host.conf.drv'...
building '/nix/store/80pnayc1rbgdicqc8rh6fk2kjf6hyl7f-etc-hostname.drv'...
building '/nix/store/shp2y4w300fxk52hdl109nap7ixk5694-etc-hosts.drv'...
building '/nix/store/m0fckvbmhrvjqgf629wb99rj8v1jiwha-etc-journald.conf.drv'...
building '/nix/store/29df377b4r2icnz6aqxpcac22wg5rj68-etc-logind.conf.drv'...
building '/nix/store/1g9jb5088zh8z2678abcp1g7kfhcb043-etc-nixos.conf.drv'...
building '/nix/store/1jijjf1v2c8296n4hlw5dkph6p8a0kbj-etc-nixos.conf.drv'...
building '/nix/store/k46r64lgixdl67jvmkk89aw6ri97383f-etc-nixos.conf.drv'...
building '/nix/store/cjs59qgrb0jggjm5arxgyf59l72ddqrj-etc-nscd.conf.drv'...
building '/nix/store/608ixnsxarvnqh69zys5saxbc8x1qs12-etc-nsswitch.conf.drv'...
building '/nix/store/9jzpmnjdrjxkixbyd7y71yxhk5h05ygr-etc-os-release.drv'...
building '/nix/store/i24080vcdrarpj6m89xpfmxp2p22vz76-etc-resolvconf.conf.drv'...
building '/nix/store/algqpb3gdwbx0bidvpk9jpnfxyaf8x0d-etc-shells.drv'...
building '/nix/store/6w0vx6zx4pmvqx8qzi7z8zryfhwj5b0y-etc-sleep.conf.drv'...
building '/nix/store/b9byaqdx6vz3wg1y8fkrkyj6b9fdfv16-etc-ssh_config.drv'...
building '/nix/store/x6krmf5mmf53w7hn21h41g3cfiddm2b5-etc-ssh_known_hosts.drv'...
building '/nix/store/1052x3vzsz9kbw79zhmljd6mvhyyp66m-etc-sshd_config.drv'...
building '/nix/store/5jzb7g1piw170yja79bcb5nzrk21xgc7-etc-subgid.drv'...
building '/nix/store/iyk1qjj4ai3mxrs8qs74k7z2xnirxxs3-etc-subuid.drv'...
building '/nix/store/4dgy95xbc1s0fkhs1l6r62wwijbdqphl-etc-system.conf.drv'...
building '/nix/store/m919my6fh8dis2kl56fzqyn790mzni6l-etc-timesyncd.conf.drv'...
building '/nix/store/f4vzvkpj5ypzb9q27v5zxgpvzc73cj7m-etc-user.conf.drv'...
building '/nix/store/g9l7qp9sk7k8bpaan1zim3i1z5c6nmdw-extra-hwdb-file.drv'...
building '/nix/store/042dimz80y5nip1zrqfh7vk00fayajc6-extra-udev-rules.drv'...
building '/nix/store/lmcia6swxsbx0ibry62kdjnr7375shp1-firewall-start.drv'...
building '/nix/store/sk85gymfg8zlg1fc38sqg2jm39apx6ff-firewall-stop.drv'...
building '/nix/store/vf4xyg3835ya08yvanzz0fs62xzv8kba-hwdb.bin.drv'...
Adding hwdb files for package /nix/store/kfch4vbakv892y0c8ilkqaa4kjb06m3m-systemd-239
Adding hwdb files for package /nix/store/pcbm7ypgqgrbn0lmlmgl04n2pbwfhdyx-mdadm-4.0
Adding hwdb files for package /nix/store/g8idrbqhi98lbn3lpbd91d4f7ydwzpmz-lvm2-2.02.177
Adding hwdb files for package /nix/store/2qh5cnbvw9cx14qll4v2556j3h0qclwn-bcache-tools-1.0.7
Adding hwdb files for package /nix/store/8q5ak013hjb09hg61nyzipdj3r4xsgxh-udisks-2.8.1
Adding hwdb files for package /nix/store/63995j0y55swsh8lwd8axhq1b93nrcj1-extra-udev-rules
Adding hwdb files for package /nix/store/yn8lfn8vw1mjqpx4d158a3qdlw3kq7dg-extra-hwdb-file
Generating hwdb database...
building '/nix/store/xp9fs43408w7ib0x5w7aj62zqsbjqf46-firewall-reload.drv'...
building '/nix/store/zbdida3b1s53ak0hfq2inip399gzxngf-initrd-fsinfo.drv'...
building '/nix/store/9wwz6w25w8a4y1n9kcsim9c7iyyjgsmb-issue.drv'...
building '/nix/store/dzcah2daj8h3q2svcqflfavkfpsr7s8f-kernel-modules-shrunk.drv'...
kernel version is 4.19.12
root module: md_mod
root module: raid0
root module: raid1
root module: raid10
root module: raid456
root module: ext2
root module: ext4
root module: ahci
root module: sata_nv
root module: sata_via
root module: sata_sis
root module: sata_uli
root module: ata_piix
root module: pata_marvell
root module: sd_mod
root module: sr_mod
root module: mmc_block
root module: uhci_hcd
root module: ehci_hcd
root module: ehci_pci
root module: ohci_hcd
root module: ohci_pci
root module: xhci_hcd
root module: xhci_pci
root module: usbhid
root module: hid_generic
root module: hid_lenovo
root module: hid_apple
root module: hid_roccat
root module: hid_logitech_hidpp
root module: hid_logitech_dj
modprobe: FATAL: Module hid_logitech_dj not found in directory /nix/store/g58yzl7y4d7c1vqm5il68dh7mw2bc3nn-kernel-modules/lib/modules/4.19.12
root module: dm_mod
closure:
/nix/store/g58yzl7y4d7c1vqm5il68dh7mw2bc3nn-kernel-modules/lib/modules/4.19.12/kernel/drivers/md/md-mod.ko.xz
/nix/store/g58yzl7y4d7c1vqm5il68dh7mw2bc3nn-kernel-modules/lib/modules/4.19.12/kernel/drivers/md/raid0.ko.xz
/nix/store/g58yzl7y4d7c1vqm5il68dh7mw2bc3nn-kernel-modules/lib/modules/4.19.12/kernel/drivers/md/raid1.ko.xz
/nix/store/g58yzl7y4d7c1vqm5il68dh7mw2bc3nn-kernel-modules/lib/modules/4.19.12/kernel/drivers/md/raid10.ko.xz
/nix/store/g58yzl7y4d7c1vqm5il68dh7mw2bc3nn-kernel-modules/lib/modules/4.19.12/kernel/lib/raid6/raid6_pq.ko.xz
/nix/store/g58yzl7y4d7c1vqm5il68dh7mw2bc3nn-kernel-modules/lib/modules/4.19.12/kernel/crypto/async_tx/async_tx.ko.xz
/nix/store/g58yzl7y4d7c1vqm5il68dh7mw2bc3nn-kernel-modules/lib/modules/4.19.12/kernel/crypto/xor.ko.xz
/nix/store/g58yzl7y4d7c1vqm5il68dh7mw2bc3nn-kernel-modules/lib/modules/4.19.12/kernel/crypto/async_tx/async_xor.ko.xz
/nix/store/g58yzl7y4d7c1vqm5il68dh7mw2bc3nn-kernel-modules/lib/modules/4.19.12/kernel/crypto/async_tx/async_pq.ko.xz
/nix/store/g58yzl7y4d7c1vqm5il68dh7mw2bc3nn-kernel-modules/lib/modules/4.19.12/kernel/lib/libcrc32c.ko.xz
/nix/store/g58yzl7y4d7c1vqm5il68dh7mw2bc3nn-kernel-modules/lib/modules/4.19.12/kernel/crypto/async_tx/async_memcpy.ko.xz
/nix/store/g58yzl7y4d7c1vqm5il68dh7mw2bc3nn-kernel-modules/lib/modules/4.19.12/kernel/crypto/async_tx/async_raid6_recov.ko.xz
/nix/store/g58yzl7y4d7c1vqm5il68dh7mw2bc3nn-kernel-modules/lib/modules/4.19.12/kernel/drivers/md/raid456.ko.xz
/nix/store/g58yzl7y4d7c1vqm5il68dh7mw2bc3nn-kernel-modules/lib/modules/4.19.12/kernel/drivers/ata/sata_nv.ko.xz
/nix/store/g58yzl7y4d7c1vqm5il68dh7mw2bc3nn-kernel-modules/lib/modules/4.19.12/kernel/drivers/ata/sata_via.ko.xz
/nix/store/g58yzl7y4d7c1vqm5il68dh7mw2bc3nn-kernel-modules/lib/modules/4.19.12/kernel/drivers/ata/pata_sis.ko.xz
/nix/store/g58yzl7y4d7c1vqm5il68dh7mw2bc3nn-kernel-modules/lib/modules/4.19.12/kernel/drivers/ata/sata_sis.ko.xz
/nix/store/g58yzl7y4d7c1vqm5il68dh7mw2bc3nn-kernel-modules/lib/modules/4.19.12/kernel/drivers/ata/sata_uli.ko.xz
/nix/store/g58yzl7y4d7c1vqm5il68dh7mw2bc3nn-kernel-modules/lib/modules/4.19.12/kernel/drivers/ata/ata_piix.ko.xz
/nix/store/g58yzl7y4d7c1vqm5il68dh7mw2bc3nn-kernel-modules/lib/modules/4.19.12/kernel/drivers/ata/pata_marvell.ko.xz
/nix/store/g58yzl7y4d7c1vqm5il68dh7mw2bc3nn-kernel-modules/lib/modules/4.19.12/kernel/drivers/cdrom/cdrom.ko.xz
/nix/store/g58yzl7y4d7c1vqm5il68dh7mw2bc3nn-kernel-modules/lib/modules/4.19.12/kernel/drivers/scsi/sr_mod.ko.xz
/nix/store/g58yzl7y4d7c1vqm5il68dh7mw2bc3nn-kernel-modules/lib/modules/4.19.12/kernel/drivers/hid/hid-lenovo.ko.xz
/nix/store/g58yzl7y4d7c1vqm5il68dh7mw2bc3nn-kernel-modules/lib/modules/4.19.12/kernel/drivers/hid/hid-roccat.ko.xz
/nix/store/g58yzl7y4d7c1vqm5il68dh7mw2bc3nn-kernel-modules/lib/modules/4.19.12/kernel/drivers/hid/hid-logitech-hidpp.ko.xz
/nix/store/g58yzl7y4d7c1vqm5il68dh7mw2bc3nn-kernel-modules/lib/modules/4.19.12/kernel/drivers/md/dm-mod.ko.xz
depmod: WARNING: could not open /nix/store/r41v0vcqkznpivm4g3kp0z82w9jkwfkp-kernel-modules-shrunk/lib/modules/4.19.12/modules.order: No such file or directory
depmod: WARNING: could not open /nix/store/r41v0vcqkznpivm4g3kp0z82w9jkwfkp-kernel-modules-shrunk/lib/modules/4.19.12/modules.builtin: No such file or directory
building '/nix/store/n8zxcf5x2bz0wj4vbm149dg8mpxw055n-local-cmds.drv'...
building '/nix/store/vdiidza65ryqkvac6vd0nbrz4znpdvn5-locale.conf.drv'...
building '/nix/store/c3z2ha5ikz8qc7vzygb0lg6s96vi396k-login.defs.drv'...
building '/nix/store/7h0xp36xld64l1xdf538yyax9d7356wk-mdadm.conf.drv'...
building '/nix/store/hfkya6y0n1rvb6qvps273yw04k4v4zcb-mounts.sh.drv'...
building '/nix/store/3g0833v09rijn7caklbwfb3j8b28fvha-nixos-version.drv'...
building '/nix/store/lw8x7iga9cmd1pfggrii0zd3pvjcbpks-nixos.conf.drv'...
building '/nix/store/7k2434axmiw4ssrrz8isr76lvjirvxbw-other.pam.drv'...
building '/nix/store/7bk2aikhggr02ry6ls6jcbv34dvfhdq3-pam-environment.drv'...
building '/nix/store/2p1snr9vmd0pbqz2lhzbddi42nkb79sz-reload-container.drv'...
building '/nix/store/39qrx6ywxfwpi064g1pzdjbbdm787fzc-chfn.pam.drv'...
building '/nix/store/qqlh3qmlgm0cjmw1x9y758aggm1jk7za-chpasswd.pam.drv'...
building '/nix/store/94924x4j7yvnjzv9519iyp3j26l52ya5-chsh.pam.drv'...
building '/nix/store/rf4g3p6ppsaryrwdzir2ifg5fqigw99h-cups.pam.drv'...
building '/nix/store/dbr9ik577rw7b5956d3rxwpi776fmyka-ftp.pam.drv'...
building '/nix/store/3q1d7qpldlywfih37n5qllv0rw079yv7-groupadd.pam.drv'...
building '/nix/store/pvgjx8aspqdyy9c0mfpb758d3c27m17y-groupdel.pam.drv'...
building '/nix/store/jnxn3ryh53y76nlf6f7pp9ri9rmx9ri5-groupmems.pam.drv'...
building '/nix/store/12rhcds8pvi972dg83fwz9h0q1wcnjw9-groupmod.pam.drv'...
building '/nix/store/dwl5iaq9acdcp65dw73jdgbj9z9j84rz-i3lock-color.pam.drv'...
building '/nix/store/n05vblkp0j74kd22j13b8k4fpijgii4x-i3lock.pam.drv'...
building '/nix/store/1xaimzyqr255wajlxpnivpwxbq2gfzg5-login.pam.drv'...
building '/nix/store/5baz1q0a0fk9bizxqhl6xqynk2zv54wj-passwd.pam.drv'...
building '/nix/store/hii80i062smpf9v4r655rdci0v82xdjm-polkit-1.pam.drv'...
building '/nix/store/c0s79zqr7crw918sa966yvhmbi4x4ycf-runuser-l.pam.drv'...
building '/nix/store/111p3lv1j1s0ph8rrblk1q6gk8czq8ry-runuser.pam.drv'...
building '/nix/store/z79pjdj17hnkzp7bixdmvqr2w3nr6jnw-screen.pam.drv'...
building '/nix/store/p9fgwznw4748hhizsl0q9wdj8y8j0psl-set-environment.drv'...
building '/nix/store/1fby5lvjlggc80innll29bncai2x938m-smb-dummy.conf.drv'...
building '/nix/store/8r5wj3h8pv2kd7f3014q01zs0z8fr2p7-etc-profile.drv'...
building '/nix/store/milsxnxagylrmxhw2gsxl76j3qi8z3dm-sshd.pam.drv'...
building '/nix/store/qz3pf6yds3qw5wsmic9wg4cyjas8bwfp-stage-1-init.sh.drv'...
checking syntax
building '/nix/store/bna011z47j7m0jpnhcdzdfizqmlxvaki-stage-2-init.sh.drv'...
building '/nix/store/hrsfszl6pm48im9adszcs3h4s2hylfvg-initrd.drv'...
36010 blocks
building '/nix/store/l6iwwjpq88iz4bxdz5j4d3251lr8scck-su.pam.drv'...
building '/nix/store/xaj2iz1ibpvisbs7am9spg5a93zs9rms-sudo.pam.drv'...
building '/nix/store/73bb91xjrr7liazz2wzpj2c6myj16ngr-system-path.drv'...
collision between `/nix/store/kfch4vbakv892y0c8ilkqaa4kjb06m3m-systemd-239/bin/resolvconf' and `/nix/store/541zis1nb2b3mpvizhcmbzn8vgi9dnxs-openresolv-3.9.0/bin/resolvconf'
collision between `/nix/store/kfch4vbakv892y0c8ilkqaa4kjb06m3m-systemd-239/sbin/resolvconf' and `/nix/store/541zis1nb2b3mpvizhcmbzn8vgi9dnxs-openresolv-3.9.0/sbin/resolvconf'
created 7385 symlinks in user environment
building '/nix/store/382mv3vp5zx0mzcq3gx40zn9r3bsr9w0-systemd-user.pam.drv'...
building '/nix/store/7sz1mr4xi9bnhzgbzp5s4406fxyyp3w3-dbus-1.drv'...
building '/nix/store/jip6kafcv8hbr8vb4i0yfacj4clkg0g2-udev-rules.drv'...
Adding rules for package /nix/store/pcbm7ypgqgrbn0lmlmgl04n2pbwfhdyx-mdadm-4.0
Copying /nix/store/pcbm7ypgqgrbn0lmlmgl04n2pbwfhdyx-mdadm-4.0/lib/udev/rules.d/63-md-raid-arrays.rules to /nix/store/afrraz972pbgx3lj3xkam5w7446w40ml-udev-rules/63-md-raid-arrays.rules
Copying /nix/store/pcbm7ypgqgrbn0lmlmgl04n2pbwfhdyx-mdadm-4.0/lib/udev/rules.d/64-md-raid-assembly.rules to /nix/store/afrraz972pbgx3lj3xkam5w7446w40ml-udev-rules/64-md-raid-assembly.rules
Adding rules for package /nix/store/g8idrbqhi98lbn3lpbd91d4f7ydwzpmz-lvm2-2.02.177
Copying /nix/store/g8idrbqhi98lbn3lpbd91d4f7ydwzpmz-lvm2-2.02.177/lib/udev/rules.d/10-dm.rules to /nix/store/afrraz972pbgx3lj3xkam5w7446w40ml-udev-rules/10-dm.rules
Copying /nix/store/g8idrbqhi98lbn3lpbd91d4f7ydwzpmz-lvm2-2.02.177/lib/udev/rules.d/11-dm-lvm.rules to /nix/store/afrraz972pbgx3lj3xkam5w7446w40ml-udev-rules/11-dm-lvm.rules
Copying /nix/store/g8idrbqhi98lbn3lpbd91d4f7ydwzpmz-lvm2-2.02.177/lib/udev/rules.d/13-dm-disk.rules to /nix/store/afrraz972pbgx3lj3xkam5w7446w40ml-udev-rules/13-dm-disk.rules
Copying /nix/store/g8idrbqhi98lbn3lpbd91d4f7ydwzpmz-lvm2-2.02.177/lib/udev/rules.d/95-dm-notify.rules to /nix/store/afrraz972pbgx3lj3xkam5w7446w40ml-udev-rules/95-dm-notify.rules
Adding rules for package /nix/store/2qh5cnbvw9cx14qll4v2556j3h0qclwn-bcache-tools-1.0.7
Copying /nix/store/2qh5cnbvw9cx14qll4v2556j3h0qclwn-bcache-tools-1.0.7/lib/udev/rules.d/69-bcache.rules to /nix/store/afrraz972pbgx3lj3xkam5w7446w40ml-udev-rules/69-bcache.rules
Adding rules for package /nix/store/8q5ak013hjb09hg61nyzipdj3r4xsgxh-udisks-2.8.1
Copying /nix/store/8q5ak013hjb09hg61nyzipdj3r4xsgxh-udisks-2.8.1/lib/udev/rules.d/80-udisks2.rules to /nix/store/afrraz972pbgx3lj3xkam5w7446w40ml-udev-rules/80-udisks2.rules
Adding rules for package /nix/store/63995j0y55swsh8lwd8axhq1b93nrcj1-extra-udev-rules
Copying /nix/store/63995j0y55swsh8lwd8axhq1b93nrcj1-extra-udev-rules/etc/udev/rules.d/99-local.rules to /nix/store/afrraz972pbgx3lj3xkam5w7446w40ml-udev-rules/99-local.rules
Adding rules for package /nix/store/yn8lfn8vw1mjqpx4d158a3qdlw3kq7dg-extra-hwdb-file
Checking that all programs called by relative paths in udev rules exist in /nix/store/kfch4vbakv892y0c8ilkqaa4kjb06m3m-systemd-239/lib/udev... OK
Checking that all programs called by absolute paths in udev rules exist... OK
building '/nix/store/r0v9qyghpf21d033hhk4f9rh2g1570n7-unit-audit.service.drv'...
building '/nix/store/y1842kiawaxr8kkdm06lbqw0f9wpmb92-unit-console-getty.service-disabled.drv'...
building '/nix/store/gxbf7rbf67jyksqyi2ks3fxnczznhyr1-unit-container-getty-.service.drv'...
building '/nix/store/ixv1js358r7f19kpgzrwjzn94lfs0mam-unit-dbus.service.drv'...
building '/nix/store/q55w1h9k47sndijfy6s448narw6fxcwy-unit-dbus.service.drv'...
building '/nix/store/vh8czrf1n370ip3fvk5vxgn7p0dxj56f-unit-dbus.socket.drv'...
building '/nix/store/rgkyssmj5a674b84pjjr2cx05xpkcsxs-unit-dhcpcd.service.drv'...
building '/nix/store/rszrqa4q36kxk1a44xc4ymcr6k8v11qv-unit-firewall.service.drv'...
building '/nix/store/3nq76qavw9abr2v944sr424zlvn8aga2-unit-fs.target.drv'...
building '/nix/store/54y03lrqz14isqgjxwhgqddkf06y580r-unit-getty-.service.drv'...
building '/nix/store/8pvxgmhr0l4zv5f0wa8dszrm1nqrcw1a-unit-graphical-session.target.drv'...
building '/nix/store/19qvx9pix67g8nlhmmxdh7hg7baqprd2-unit-keys.target.drv'...
building '/nix/store/1srxdapcwkbjanhjilygxdk92qhy2gh7-unit-local-fs.target.drv'...
building '/nix/store/9mxvmk625r2b6kb8mk307xzqi3q6c80w-unit-mdadm-grow-continue-.service.drv'...
building '/nix/store/nzahgwdlrms21sz3160ap81hmc911agy-unit-mdadm-shutdown.service.drv'...
building '/nix/store/bz17j80zpy35s4zi8dcc2iqk6idk3rib-unit-mdmon-.service.drv'...
building '/nix/store/84vi4b81ihgphq9sqic7h0iiw74nf8kc-unit-network-interfaces.target.drv'...
building '/nix/store/qa2yrdqb5gyfq6vd5245ma9fblfsdzz4-unit-network-online.target.drv'...
building '/nix/store/0jnbl6d2q63gvhrbinbk17c9fzl82wf0-unit-nix-daemon.service.drv'...
building '/nix/store/m9i6mh35l6dyclh9bv2r72k34jnccgad-unit-nix-daemon.socket.drv'...
building '/nix/store/nnlgk92ffxgprqmy2nv4scmgz0bkvspy-unit-nix-optimise.service.drv'...
building '/nix/store/raq4lqyqcblsmgwxs7cqwh8ai93cpcdn-unit-polkit.service.drv'...
building '/nix/store/2cnlphx52a2sdxvv7yk2q5lsvg8zbw7s-unit-post-resume.target.drv'...
building '/nix/store/d1pfirc4vss8vh8l3fm0vqmlzlynqr8b-unit-remote-fs.target.drv'...
building '/nix/store/26i2ba6rzhcyawvcxsf44dwx6jma5ljl-unit-rngd.service.drv'...
building '/nix/store/0ms8fpaq1kzv400pwy18i193xyj1082v-unit-save-hwclock.service.drv'...
building '/nix/store/vbgqrsjr34a80an155p222wj1vwanqzn-unit-script-container_-post-start.drv'...
building '/nix/store/xwxb18cg6di8plglsiamp1vbq0kp25d2-unit-script-container_-pre-start.drv'...
building '/nix/store/bd9r660yxr4dnaadq1c6qmbi7a9himg0-unit-script-container_-pre-stop.drv'...
building '/nix/store/dl9j057hjzms1x8sgjhb81933gnzqyvx-unit-script-container_-start.drv'...
building '/nix/store/z0rvis7f9qnzb7nv2azbf48liaczivbi-unit-script-network-local-commands-start.drv'...
building '/nix/store/xqfx8333h4kkxjww2ynfj7wm657paq7p-unit-container-.service.drv'...
building '/nix/store/bnpykza1na937cp034rxdj4b5avg2wr6-unit-network-local-commands.service.drv'...
building '/nix/store/wl46vlxk0frpn1xb2hms1zbdddm9g4h9-unit-script-network-setup-start.drv'...
building '/nix/store/3ghdvwz8jha5f922piq8m02l0vsl2qny-unit-script-nix-gc-start.drv'...
building '/nix/store/8zvfnwzz39wycjfkb78bqqmg2v39awk0-unit-network-setup.service.drv'...
building '/nix/store/g3jdzh641qjhnjigix55gdxl2nyc9ivg-unit-nix-gc.service.drv'...
building '/nix/store/1zz65fjql6nkch6gi85nh3dxwxnh97pj-unit-script-nixos-activation-start.drv'...
building '/nix/store/rsidymq9bq1gdkkbj1y09a6cp43ynhx1-unit-script-nixos-upgrade-start.drv'...
building '/nix/store/vasy82dyzqy2vpndmvvcg7ni0c4m3h5a-unit-nixos-activation.service.drv'...
building '/nix/store/90dj4v8xy2c545xis7g13pgpks2dzkhb-unit-nixos-upgrade.service.drv'...
building '/nix/store/giqh319zrnyjv68whjf74jl1f9kkzqws-unit-script-nscd-post-start.drv'...
building '/nix/store/3rs6cms07mbpv1mw23vw71nwg3hp4gfj-unit-script-nscd-pre-start.drv'...
building '/nix/store/mv34gasd4rjxvz9w511v4d9b2kbxaxr8-unit-script-post-resume-start.drv'...
building '/nix/store/rmbly94pnp5hx2zsjm0mrqxlm7gh3jkq-unit-nscd.service.drv'...
building '/nix/store/73i8snffqlmk2xgaqg8v4cf1hr8llbl1-unit-post-resume.service.drv'...
building '/nix/store/gllbyk0zq0j2dk6j8a3zqjrms376373h-unit-script-pre-sleep-start.drv'...
building '/nix/store/wa69a8prph5xbpadh7gpzdyqwalmm64c-unit-script-prepare-kexec-start.drv'...
building '/nix/store/8yg7iqr0p1ack3zzwv3b3g317ddqc0i8-unit-pre-sleep.service.drv'...
building '/nix/store/xfdk4bmrfgcyk947w36y2n8awbkb1v1i-unit-prepare-kexec.service.drv'...
building '/nix/store/2mlfqiv5d54vc1d1b15gilrpc546mf77-unit-script-sshd-pre-start.drv'...
building '/nix/store/4y9kid9vj7y6zwxzhkhycsb2kkjgzhkx-unit-serial-getty-.service.drv'...
building '/nix/store/5w9cxjmrbip1pszsx4iq4ny2qpjxfk0f-unit-sshd.service.drv'...
building '/nix/store/qij2csx6q6k1lyqh722ipkir63pz0fyw-unit-systemd-backlight-.service.drv'...
building '/nix/store/7p8mdi99xd1w18mv17ikmjq60pfp7180-unit-systemd-binfmt.service.drv'...
building '/nix/store/5a2l0cz00a7z0gry43y57a7xx2kpbdqp-unit-systemd-fsck-.service.drv'...
building '/nix/store/r4p5mrfwfac22drc89yd2xv84i4cawv8-unit-systemd-journal-flush.service.drv'...
building '/nix/store/j1vigwzafrhm04dxxqmm93qi6lxji6zd-unit-systemd-journal-gatewayd.socket.drv'...
building '/nix/store/wwj2jzdpzllvh53vy9q47dm6i0xkc991-unit-systemd-journald.service.drv'...
building '/nix/store/fklq8zhlkx5lfp13apgxmw16qajp9g21-unit-systemd-logind.service.drv'...
building '/nix/store/lym723z955cv292px3vw5bzn6xmr2a2i-unit-systemd-modules-load.service.drv'...
building '/nix/store/8lkh08xla54xm0ybwdrglbvbraz25s10-unit-systemd-random-seed.service.drv'...
building '/nix/store/5rxh4gkgg5bmcbdm9rcpcla0hyahf1ks-unit-systemd-remount-fs.service.drv'...
building '/nix/store/yaalj2i2wpkqd72nw800yv0vrpfkdxx3-unit-systemd-sysctl.service.drv'...
building '/nix/store/fmwnlss1q5icg1s6d92xzjh6ih3g8mb8-unit-systemd-timedated.service.drv'...
building '/nix/store/lnyy94ssfxp014dr5z0c26yvkjc7jxa4-unit-systemd-timesyncd.service.drv'...
building '/nix/store/9r94qar4m893hw7f206fc2qsvqcl8nqy-unit-systemd-udevd.service.drv'...
building '/nix/store/sqv84rf3r1sfham2cgb33v8fhsdncspc-unit-systemd-update-utmp.service.drv'...
building '/nix/store/npkgcxj54lyrla75ncxqfijairiqm01a-unit-systemd-user-sessions.service.drv'...
building '/nix/store/rrjlir2x2b1mxyjh84n94qm21yvg8n7z-unit-user-.service.drv'...
building '/nix/store/5krfx88yj9z1vbn8f51kvbcavm8bwvy5-unit-user-runtime-dir-.service.drv'...
building '/nix/store/73yrmkxcq3bim8ygw9s1262nnkaywap0-user-units.drv'...
building '/nix/store/p8w3r3wg3bgx8vnxb0d32lah81wa5ib0-useradd.drv'...
building '/nix/store/skabqv2rm0y3c36hsfpqdbgmcnpn8jaw-useradd.pam.drv'...
building '/nix/store/s2qjziryjbb8p26vywsn57731l86b3wy-userdel.pam.drv'...
building '/nix/store/24542jr6zpvm481wi36x8pns1ip43ybx-usermod.pam.drv'...
building '/nix/store/4hcj4ld9lqdr127x6m5r1xffmn9zqsbr-users-groups.json.drv'...
building '/nix/store/321954dxbfaq7gm5c3v4kwzrwlh5gl56-vconsole.conf.drv'...
building '/nix/store/gh4l4jgwrr2fxi6p404djmy8562d0fc7-vlock.pam.drv'...
building '/nix/store/jq4yapblq28maiarci6njn8ym1fja0va-unit-systemd-vconsole-setup.service.drv'...
building '/nix/store/nigcx476wz1nb7jsamzc6k5641bj0v2k-xlock.pam.drv'...
building '/nix/store/5ymmy1j6bzn03l2as8vx0i7nv207i82r-system-units.drv'...
building '/nix/store/c58j6qy8b5bi6n76pisal749vc7shj66-xscreensaver.pam.drv'...
building '/nix/store/d4rwi0j3ak87h7yfqsh7nvyjf4a2l2rx-etc.drv'...
building '/nix/store/8csl4hv9s844gfcqgqc3wsfrz3dh696g-nixos-system-nixos-18.09.1806.928ff62213b.drv'...
GC Warning: Bad initial heap size 100000 - ignoring it.
stopping the following units: audit.service, kmod-static-nodes.service, network-local-commands.service, network-setup.service, nix-daemon.service, nix-daemon.socket, nixos-manual.service, nscd.service, rngd.service, systemd-modules-load.service, systemd-sysctl.service, systemd-timesyncd.service, systemd-tmpfiles-clean.timer, systemd-tmpfiles-setup-dev.service, systemd-udev-settle.service, systemd-udev-trigger.service, systemd-udevd-control.socket, systemd-udevd-kernel.socket, systemd-udevd.service
NOT restarting the following changed units: getty@tty1.service, systemd-fsck@dev-disk-by\x2dlabel-NIXOS_BOOT.service, systemd-journal-flush.service, systemd-logind.service, systemd-random-seed.service, systemd-remount-fs.service, systemd-tmpfiles-setup.service, systemd-update-utmp.service, systemd-user-sessions.service, user-runtime-dir@0.service, user@0.service
activating the configuration...
setting up /etc...
removing obsolete symlink /etc/hostid...
restarting systemd...
reloading user units for root...
setting up tmpfiles
reloading the following units: dbus.service, dev-hugepages.mount, dev-mqueue.mount, firewall.service, sys-kernel-config.mount, sys-kernel-debug.mount
restarting the following units: dhcpcd.service, sshd.service, systemd-journald.service
starting the following units: audit.service, kmod-static-nodes.service, network-local-commands.service, network-setup.service, nix-daemon.socket, nscd.service, rngd.service, systemd-modules-load.service, systemd-sysctl.service, systemd-timesyncd.service, systemd-tmpfiles-clean.timer, systemd-tmpfiles-setup-dev.service, systemd-udev-settle.service, systemd-udev-trigger.service, systemd-udevd-control.socket, systemd-udevd-kernel.socket
the following new units were started: systemd-tmpfiles-clean.service
